This is first line
2019-03-16 12:31:43 startup archives unpack
2019-03-16 12:31:44 upgrade libpam0g:amd64 1.1.8-3.6ubuntu2 1.1.8-3.6ubuntu2.18.04.1
2019-03-16 12:31:44 status triggers-pending libc-bin:amd64 2.27-3ubuntu1
2019-03-16 12:31:44 status half-configured libpam0g:amd64 1.1.8-3.6ubuntu2
2019-03-16 12:31:44 status unpacked libpam0g:amd64 1.1.8-3.6ubuntu2
2019-03-16 12:31:44 status half-installed libpam0g:amd64 1.1.8-3.6ubuntu2
2019-03-16 12:31:44 status half-installed libpam0g:amd64 1.1.8-3.6ubuntu2
2019-03-16 12:31:44 status unpacked libpam0g:amd64 1.1.8-3.6ubuntu2.18.04.1
2019-03-16 12:31:44 status unpacked libpam0g:amd64 1.1.8-3.6ubuntu2.18.04.1
2019-03-16 12:31:45 startup packages configure
2019-03-16 12:31:45 configure libpam0g:amd64 1.1.8-3.6ubuntu2.18.04.1 <none>
2019-03-16 12:31:45 status unpacked libpam0g:amd64 1.1.8-3.6ubuntu2.18.04.1
2019-03-16 12:31:45 status half-configured libpam0g:amd64 1.1.8-3.6ubuntu2.18.04.1
2019-03-16 12:31:45 status installed libpam0g:amd64 1.1.8-3.6ubuntu2.18.04.1
2019-03-16 12:31:45 startup archives unpack
2019-03-16 12:31:45 upgrade libpam-modules-bin:amd64 1.1.8-3.6ubuntu2 1.1.8-3.6ubuntu2.18.04.1
2019-03-16 12:31:45 status half-configured libpam-modules-bin:amd64 1.1.8-3.6ubuntu2
2019-03-16 12:31:45 status unpacked libpam-modules-bin:amd64 1.1.8-3.6ubuntu2
2019-03-16 12:31:46 status half-installed libpam-modules-bin:amd64 1.1.8-3.6ubuntu2
2019-03-16 12:31:46 status triggers-pending man-db:amd64 2.8.3-2ubuntu0.1
2019-03-16 12:31:46 status half-installed libpam-modules-bin:amd64 1.1.8-3.6ubuntu2
2019-03-16 12:31:46 status unpacked libpam-modules-bin:amd64 1.1.8-3.6ubuntu2.18.04.1
2019-03-16 12:31:46 status unpacked libpam-modules-bin:amd64 1.1.8-3.6ubuntu2.18.04.1
2019-03-16 12:31:46 startup packages configure
2019-03-16 12:31:46 configure libpam-modules-bin:amd64 1.1.8-3.6ubuntu2.18.04.1 <none>
2019-03-16 12:31:46 status unpacked libpam-modules-bin:amd64 1.1.8-3.6ubuntu2.18.04.1
2019-03-16 12:31:46 status half-configured libpam-modules-bin:amd64 1.1.8-3.6ubuntu2.18.04.1
2019-03-16 12:31:46 status installed libpam-modules-bin:amd64 1.1.8-3.6ubuntu2.18.04.1
2019-03-16 12:31:47 startup archives unpack
2019-03-16 12:31:47 upgrade libpam-modules:amd64 1.1.8-3.6ubuntu2 1.1.8-3.6ubuntu2.18.04.1
2019-03-16 12:31:47 status half-configured libpam-modules:amd64 1.1.8-3.6ubuntu2
2019-03-16 12:31:47 status unpacked libpam-modules:amd64 1.1.8-3.6ubuntu2
2019-03-16 12:31:47 status half-installed libpam-modules:amd64 1.1.8-3.6ubuntu2
2019-03-16 12:31:48 status half-installed libpam-modules:amd64 1.1.8-3.6ubuntu2
2019-03-16 12:31:48 status unpacked libpam-modules:amd64 1.1.8-3.6ubuntu2.18.04.1
2019-03-16 12:31:48 status unpacked libpam-modules:amd64 1.1.8-3.6ubuntu2.18.04.1
2019-03-16 12:31:48 startup packages configure
2019-03-16 12:31:48 configure libpam-modules:amd64 1.1.8-3.6ubuntu2.18.04.1 <none>
2019-03-16 12:31:48 status unpacked libpam-modules:amd64 1.1.8-3.6ubuntu2.18.04.1
2019-03-16 12:31:48 status unpacked libpam-modules:amd64 1.1.8-3.6ubuntu2.18.04.1
2019-03-16 12:31:48 status unpacked libpam-modules:amd64 1.1.8-3.6ubuntu2.18.04.1
2019-03-16 12:31:48 status unpacked libpam-modules:amd64 1.1.8-3.6ubuntu2.18.04.1
2019-03-16 12:31:48 status unpacked libpam-modules:amd64 1.1.8-3.6ubuntu2.18.04.1
2019-03-16 12:31:49 status unpacked libpam-modules:amd64 1.1.8-3.6ubuntu2.18.04.1
2019-03-16 12:31:49 status unpacked libpam-modules:amd64 1.1.8-3.6ubuntu2.18.04.1
2019-03-16 12:31:49 status unpacked libpam-modules:amd64 1.1.8-3.6ubuntu2.18.04.1
2019-03-16 12:31:49 status unpacked libpam-modules:amd64 1.1.8-3.6ubuntu2.18.04.1
2019-03-16 12:31:49 status half-configured libpam-modules:amd64 1.1.8-3.6ubuntu2.18.04.1
2019-03-16 12:31:49 status installed libpam-modules:amd64 1.1.8-3.6ubuntu2.18.04.1
2019-03-16 12:31:49 startup archives unpack
2019-03-16 12:31:49 upgrade libnss-systemd:amd64 237-3ubuntu10.13 237-3ubuntu10.15
2019-03-16 12:31:49 status half-configured libnss-systemd:amd64 237-3ubuntu10.13
2019-03-16 12:31:50 status unpacked libnss-systemd:amd64 237-3ubuntu10.13
2019-03-16 12:31:50 status half-installed libnss-systemd:amd64 237-3ubuntu10.13
2019-03-16 12:31:50 status half-installed libnss-systemd:amd64 237-3ubuntu10.13
2019-03-16 12:31:50 status unpacked libnss-systemd:amd64 237-3ubuntu10.15
2019-03-16 12:31:50 status unpacked libnss-systemd:amd64 237-3ubuntu10.15
2019-03-16 12:31:50 upgrade libsystemd0:amd64 237-3ubuntu10.13 237-3ubuntu10.15
2019-03-16 12:31:50 status half-configured libsystemd0:amd64 237-3ubuntu10.13
2019-03-16 12:31:50 status unpacked libsystemd0:amd64 237-3ubuntu10.13
2019-03-16 12:31:50 status half-installed libsystemd0:amd64 237-3ubuntu10.13
2019-03-16 12:31:51 status half-installed libsystemd0:amd64 237-3ubuntu10.13
2019-03-16 12:31:51 status unpacked libsystemd0:amd64 237-3ubuntu10.15
2019-03-16 12:31:51 status unpacked libsystemd0:amd64 237-3ubuntu10.15
2019-03-16 12:31:51 startup packages configure
2019-03-16 12:31:51 configure libsystemd0:amd64 237-3ubuntu10.15 <none>
2019-03-16 12:31:51 status unpacked libsystemd0:amd64 237-3ubuntu10.15
2019-03-16 12:31:51 status half-configured libsystemd0:amd64 237-3ubuntu10.15
2019-03-16 12:31:51 status installed libsystemd0:amd64 237-3ubuntu10.15
2019-03-16 12:31:51 startup archives unpack
2019-03-16 12:31:52 upgrade libpam-systemd:amd64 237-3ubuntu10.13 237-3ubuntu10.15
2019-03-16 12:31:52 status half-configured libpam-systemd:amd64 237-3ubuntu10.13
2019-03-16 12:31:52 status unpacked libpam-systemd:amd64 237-3ubuntu10.13
2019-03-16 12:31:52 status half-installed libpam-systemd:amd64 237-3ubuntu10.13
2019-03-16 12:31:52 status half-installed libpam-systemd:amd64 237-3ubuntu10.13
2019-03-16 12:31:52 status unpacked libpam-systemd:amd64 237-3ubuntu10.15
2019-03-16 12:31:52 status unpacked libpam-systemd:amd64 237-3ubuntu10.15
2019-03-16 12:31:53 upgrade libnss-myhostname:amd64 237-3ubuntu10.13 237-3ubuntu10.15
2019-03-16 12:31:53 status half-configured libnss-myhostname:amd64 237-3ubuntu10.13
2019-03-16 12:31:53 status unpacked libnss-myhostname:amd64 237-3ubuntu10.13
2019-03-16 12:31:53 status half-installed libnss-myhostname:amd64 237-3ubuntu10.13
2019-03-16 12:31:53 status half-installed libnss-myhostname:amd64 237-3ubuntu10.13
2019-03-16 12:31:53 status unpacked libnss-myhostname:amd64 237-3ubuntu10.15
2019-03-16 12:31:53 status unpacked libnss-myhostname:amd64 237-3ubuntu10.15
2019-03-16 12:31:54 upgrade systemd:amd64 237-3ubuntu10.13 237-3ubuntu10.15
2019-03-16 12:31:54 status half-configured systemd:amd64 237-3ubuntu10.13
2019-03-16 12:31:54 status unpacked systemd:amd64 237-3ubuntu10.13
2019-03-16 12:31:54 status half-installed systemd:amd64 237-3ubuntu10.13
2019-03-16 12:31:54 status triggers-pending ureadahead:amd64 0.100.0-20
2019-03-16 12:31:55 status triggers-pending dbus:amd64 1.12.2-1ubuntu1
2019-03-16 12:31:55 status triggers-pending dbus:amd64 1.12.2-1ubuntu1
2019-03-16 12:31:55 status half-installed systemd:amd64 237-3ubuntu10.13
2019-03-16 12:31:56 status unpacked systemd:amd64 237-3ubuntu10.15
2019-03-16 12:31:56 status unpacked systemd:amd64 237-3ubuntu10.15
2019-03-16 12:31:57 upgrade udev:amd64 237-3ubuntu10.13 237-3ubuntu10.15
2019-03-16 12:31:57 status half-configured udev:amd64 237-3ubuntu10.13
2019-03-16 12:31:57 status unpacked udev:amd64 237-3ubuntu10.13
2019-03-16 12:31:57 status half-installed udev:amd64 237-3ubuntu10.13
2019-03-16 12:31:58 status half-installed udev:amd64 237-3ubuntu10.13
2019-03-16 12:31:59 status unpacked udev:amd64 237-3ubuntu10.15
2019-03-16 12:32:00 status unpacked udev:amd64 237-3ubuntu10.15
2019-03-16 12:32:00 upgrade libudev1:amd64 237-3ubuntu10.13 237-3ubuntu10.15
2019-03-16 12:32:00 status half-configured libudev1:amd64 237-3ubuntu10.13
2019-03-16 12:32:00 status unpacked libudev1:amd64 237-3ubuntu10.13
2019-03-16 12:32:00 status half-installed libudev1:amd64 237-3ubuntu10.13
2019-03-16 12:32:00 status half-installed libudev1:amd64 237-3ubuntu10.13
2019-03-16 12:32:00 status unpacked libudev1:amd64 237-3ubuntu10.15
2019-03-16 12:32:00 status unpacked libudev1:amd64 237-3ubuntu10.15
2019-03-16 12:32:01 startup packages configure
2019-03-16 12:32:01 configure libudev1:amd64 237-3ubuntu10.15 <none>
2019-03-16 12:32:01 status unpacked libudev1:amd64 237-3ubuntu10.15
2019-03-16 12:32:01 status half-configured libudev1:amd64 237-3ubuntu10.15
2019-03-16 12:32:01 status installed libudev1:amd64 237-3ubuntu10.15
2019-03-16 12:32:01 startup archives unpack
2019-03-16 12:32:01 upgrade libpam-runtime:all 1.1.8-3.6ubuntu2 1.1.8-3.6ubuntu2.18.04.1
2019-03-16 12:32:01 status half-configured libpam-runtime:all 1.1.8-3.6ubuntu2
2019-03-16 12:32:01 status unpacked libpam-runtime:all 1.1.8-3.6ubuntu2
2019-03-16 12:32:01 status half-installed libpam-runtime:all 1.1.8-3.6ubuntu2
2019-03-16 12:32:02 status half-installed libpam-runtime:all 1.1.8-3.6ubuntu2
2019-03-16 12:32:02 status unpacked libpam-runtime:all 1.1.8-3.6ubuntu2.18.04.1
2019-03-16 12:32:02 status unpacked libpam-runtime:all 1.1.8-3.6ubuntu2.18.04.1
2019-03-16 12:32:02 startup packages configure
2019-03-16 12:32:02 configure libpam-runtime:all 1.1.8-3.6ubuntu2.18.04.1 <none>
2019-03-16 12:32:02 status unpacked libpam-runtime:all 1.1.8-3.6ubuntu2.18.04.1
2019-03-16 12:32:02 status unpacked libpam-runtime:all 1.1.8-3.6ubuntu2.18.04.1
2019-03-16 12:32:02 status unpacked libpam-runtime:all 1.1.8-3.6ubuntu2.18.04.1
2019-03-16 12:32:02 status half-configured libpam-runtime:all 1.1.8-3.6ubuntu2.18.04.1
2019-03-16 12:32:03 status installed libpam-runtime:all 1.1.8-3.6ubuntu2.18.04.1
2019-03-16 12:32:03 startup archives unpack
2019-03-16 12:32:04 upgrade initramfs-tools:all 0.130ubuntu3.6 0.130ubuntu3.7
2019-03-16 12:32:04 status half-configured initramfs-tools:all 0.130ubuntu3.6
2019-03-16 12:32:04 status unpacked initramfs-tools:all 0.130ubuntu3.6
2019-03-16 12:32:04 status half-installed initramfs-tools:all 0.130ubuntu3.6
2019-03-16 12:32:04 status half-installed initramfs-tools:all 0.130ubuntu3.6
2019-03-16 12:32:04 status unpacked initramfs-tools:all 0.130ubuntu3.7
2019-03-16 12:32:04 status unpacked initramfs-tools:all 0.130ubuntu3.7
2019-03-16 12:32:05 upgrade initramfs-tools-core:all 0.130ubuntu3.6 0.130ubuntu3.7
2019-03-16 12:32:05 status half-configured initramfs-tools-core:all 0.130ubuntu3.6
2019-03-16 12:32:05 status unpacked initramfs-tools-core:all 0.130ubuntu3.6
2019-03-16 12:32:05 status half-installed initramfs-tools-core:all 0.130ubuntu3.6
2019-03-16 12:32:05 status half-installed initramfs-tools-core:all 0.130ubuntu3.6
2019-03-16 12:32:05 status unpacked initramfs-tools-core:all 0.130ubuntu3.7
2019-03-16 12:32:05 status unpacked initramfs-tools-core:all 0.130ubuntu3.7
2019-03-16 12:32:05 upgrade initramfs-tools-bin:amd64 0.130ubuntu3.6 0.130ubuntu3.7
2019-03-16 12:32:05 status half-configured initramfs-tools-bin:amd64 0.130ubuntu3.6
2019-03-16 12:32:05 status unpacked initramfs-tools-bin:amd64 0.130ubuntu3.6
2019-03-16 12:32:05 status half-installed initramfs-tools-bin:amd64 0.130ubuntu3.6
2019-03-16 12:32:05 status half-installed initramfs-tools-bin:amd64 0.130ubuntu3.6
2019-03-16 12:32:06 status unpacked initramfs-tools-bin:amd64 0.130ubuntu3.7
2019-03-16 12:32:06 status unpacked initramfs-tools-bin:amd64 0.130ubuntu3.7
2019-03-16 12:32:06 upgrade busybox-initramfs:amd64 1:1.27.2-2ubuntu3 1:1.27.2-2ubuntu3.1
2019-03-16 12:32:06 status half-configured busybox-initramfs:amd64 1:1.27.2-2ubuntu3
2019-03-16 12:32:06 status unpacked busybox-initramfs:amd64 1:1.27.2-2ubuntu3
2019-03-16 12:32:06 status half-installed busybox-initramfs:amd64 1:1.27.2-2ubuntu3
2019-03-16 12:32:06 status half-installed busybox-initramfs:amd64 1:1.27.2-2ubuntu3
2019-03-16 12:32:06 status unpacked busybox-initramfs:amd64 1:1.27.2-2ubuntu3.1
2019-03-16 12:32:06 status unpacked busybox-initramfs:amd64 1:1.27.2-2ubuntu3.1
2019-03-16 12:32:07 startup packages configure
2019-03-16 12:32:07 configure systemd:amd64 237-3ubuntu10.15 <none>
2019-03-16 12:32:07 status unpacked systemd:amd64 237-3ubuntu10.15
2019-03-16 12:32:07 status unpacked systemd:amd64 237-3ubuntu10.15
2019-03-16 12:32:07 status unpacked systemd:amd64 237-3ubuntu10.15
2019-03-16 12:32:07 status unpacked systemd:amd64 237-3ubuntu10.15
2019-03-16 12:32:07 status unpacked systemd:amd64 237-3ubuntu10.15
2019-03-16 12:32:07 status unpacked systemd:amd64 237-3ubuntu10.15
2019-03-16 12:32:07 status unpacked systemd:amd64 237-3ubuntu10.15
2019-03-16 12:32:07 status unpacked systemd:amd64 237-3ubuntu10.15
2019-03-16 12:32:07 status unpacked systemd:amd64 237-3ubuntu10.15
2019-03-16 12:32:07 status unpacked systemd:amd64 237-3ubuntu10.15
2019-03-16 12:32:07 status half-configured systemd:amd64 237-3ubuntu10.15
2019-03-16 12:32:09 status installed systemd:amd64 237-3ubuntu10.15
2019-03-16 12:32:09 startup archives unpack
2019-03-16 12:32:09 upgrade systemd-sysv:amd64 237-3ubuntu10.13 237-3ubuntu10.15
2019-03-16 12:32:09 status half-configured systemd-sysv:amd64 237-3ubuntu10.13
2019-03-16 12:32:10 status unpacked systemd-sysv:amd64 237-3ubuntu10.13
2019-03-16 12:32:10 status half-installed systemd-sysv:amd64 237-3ubuntu10.13
2019-03-16 12:32:10 status half-installed systemd-sysv:amd64 237-3ubuntu10.13
2019-03-16 12:32:10 status unpacked systemd-sysv:amd64 237-3ubuntu10.15
2019-03-16 12:32:10 status unpacked systemd-sysv:amd64 237-3ubuntu10.15
2019-03-16 12:32:10 upgrade libseccomp2:amd64 2.3.1-2.1ubuntu4 2.3.1-2.1ubuntu4.1
2019-03-16 12:32:10 status half-configured libseccomp2:amd64 2.3.1-2.1ubuntu4
2019-03-16 12:32:10 status unpacked libseccomp2:amd64 2.3.1-2.1ubuntu4
2019-03-16 12:32:10 status half-installed libseccomp2:amd64 2.3.1-2.1ubuntu4
2019-03-16 12:32:11 status half-installed libseccomp2:amd64 2.3.1-2.1ubuntu4
2019-03-16 12:32:11 status unpacked libseccomp2:amd64 2.3.1-2.1ubuntu4.1
2019-03-16 12:32:11 status unpacked libseccomp2:amd64 2.3.1-2.1ubuntu4.1
2019-03-16 12:32:11 startup packages configure
2019-03-16 12:32:11 configure libseccomp2:amd64 2.3.1-2.1ubuntu4.1 <none>
2019-03-16 12:32:11 status unpacked libseccomp2:amd64 2.3.1-2.1ubuntu4.1
2019-03-16 12:32:11 status half-configured libseccomp2:amd64 2.3.1-2.1ubuntu4.1
2019-03-16 12:32:11 status installed libseccomp2:amd64 2.3.1-2.1ubuntu4.1
2019-03-16 12:32:11 startup archives unpack
2019-03-16 12:32:12 upgrade libidn11:amd64 1.33-2.1ubuntu1 1.33-2.1ubuntu1.1
2019-03-16 12:32:12 status half-configured libidn11:amd64 1.33-2.1ubuntu1
2019-03-16 12:32:12 status unpacked libidn11:amd64 1.33-2.1ubuntu1
2019-03-16 12:32:12 status half-installed libidn11:amd64 1.33-2.1ubuntu1
2019-03-16 12:32:12 status half-installed libidn11:amd64 1.33-2.1ubuntu1
2019-03-16 12:32:12 status unpacked libidn11:amd64 1.33-2.1ubuntu1.1
2019-03-16 12:32:12 status unpacked libidn11:amd64 1.33-2.1ubuntu1.1
2019-03-16 12:32:12 upgrade python3-gi-cairo:amd64 3.26.1-2 3.26.1-2ubuntu1
2019-03-16 12:32:12 status half-configured python3-gi-cairo:amd64 3.26.1-2
2019-03-16 12:32:12 status unpacked python3-gi-cairo:amd64 3.26.1-2
2019-03-16 12:32:12 status half-installed python3-gi-cairo:amd64 3.26.1-2
2019-03-16 12:32:13 status half-installed python3-gi-cairo:amd64 3.26.1-2
2019-03-16 12:32:13 status unpacked python3-gi-cairo:amd64 3.26.1-2ubuntu1
2019-03-16 12:32:13 status unpacked python3-gi-cairo:amd64 3.26.1-2ubuntu1
2019-03-16 12:32:14 upgrade libgtk-3-common:all 3.22.30-1ubuntu1 3.22.30-1ubuntu2
2019-03-16 12:32:14 status half-configured libgtk-3-common:all 3.22.30-1ubuntu1
2019-03-16 12:32:14 status unpacked libgtk-3-common:all 3.22.30-1ubuntu1
2019-03-16 12:32:14 status half-installed libgtk-3-common:all 3.22.30-1ubuntu1
2019-03-16 12:32:14 status triggers-pending libglib2.0-0:amd64 2.56.3-0ubuntu0.18.04.1
2019-03-16 12:32:14 status half-installed libgtk-3-common:all 3.22.30-1ubuntu1
2019-03-16 12:32:14 status half-installed libgtk-3-common:all 3.22.30-1ubuntu1
2019-03-16 12:32:15 status unpacked libgtk-3-common:all 3.22.30-1ubuntu2
2019-03-16 12:32:15 status unpacked libgtk-3-common:all 3.22.30-1ubuntu2
2019-03-16 12:32:15 upgrade libgail-3-0:amd64 3.22.30-1ubuntu1 3.22.30-1ubuntu2
2019-03-16 12:32:15 status half-configured libgail-3-0:amd64 3.22.30-1ubuntu1
2019-03-16 12:32:15 status unpacked libgail-3-0:amd64 3.22.30-1ubuntu1
2019-03-16 12:32:15 status half-installed libgail-3-0:amd64 3.22.30-1ubuntu1
2019-03-16 12:32:15 status half-installed libgail-3-0:amd64 3.22.30-1ubuntu1
2019-03-16 12:32:15 status unpacked libgail-3-0:amd64 3.22.30-1ubuntu2
2019-03-16 12:32:16 status unpacked libgail-3-0:amd64 3.22.30-1ubuntu2
2019-03-16 12:32:16 upgrade libx11-doc:all 2:1.6.4-3ubuntu0.1 2:1.6.4-3ubuntu0.2
2019-03-16 12:32:16 status half-configured libx11-doc:all 2:1.6.4-3ubuntu0.1
2019-03-16 12:32:16 status unpacked libx11-doc:all 2:1.6.4-3ubuntu0.1
2019-03-16 12:32:16 status half-installed libx11-doc:all 2:1.6.4-3ubuntu0.1
2019-03-16 12:32:17 status half-installed libx11-doc:all 2:1.6.4-3ubuntu0.1
2019-03-16 12:32:17 status unpacked libx11-doc:all 2:1.6.4-3ubuntu0.2
2019-03-16 12:32:17 status unpacked libx11-doc:all 2:1.6.4-3ubuntu0.2
2019-03-16 12:32:17 upgrade libxcb1-dev:amd64 1.13-1 1.13-2~ubuntu18.04
2019-03-16 12:32:17 status half-configured libxcb1-dev:amd64 1.13-1
2019-03-16 12:32:17 status unpacked libxcb1-dev:amd64 1.13-1
2019-03-16 12:32:17 status half-installed libxcb1-dev:amd64 1.13-1
2019-03-16 12:32:17 status half-installed libxcb1-dev:amd64 1.13-1
2019-03-16 12:32:18 status unpacked libxcb1-dev:amd64 1.13-2~ubuntu18.04
2019-03-16 12:32:18 status unpacked libxcb1-dev:amd64 1.13-2~ubuntu18.04
2019-03-16 12:32:18 upgrade libxcb1:amd64 1.13-1 1.13-2~ubuntu18.04
2019-03-16 12:32:18 status half-configured libxcb1:amd64 1.13-1
2019-03-16 12:32:18 status unpacked libxcb1:amd64 1.13-1
2019-03-16 12:32:18 status half-installed libxcb1:amd64 1.13-1
2019-03-16 12:32:18 status half-installed libxcb1:amd64 1.13-1
2019-03-16 12:32:18 status unpacked libxcb1:amd64 1.13-2~ubuntu18.04
2019-03-16 12:32:18 status unpacked libxcb1:amd64 1.13-2~ubuntu18.04
2019-03-16 12:32:19 upgrade libx11-dev:amd64 2:1.6.4-3ubuntu0.1 2:1.6.4-3ubuntu0.2
2019-03-16 12:32:19 status half-configured libx11-dev:amd64 2:1.6.4-3ubuntu0.1
2019-03-16 12:32:19 status unpacked libx11-dev:amd64 2:1.6.4-3ubuntu0.1
2019-03-16 12:32:19 status half-installed libx11-dev:amd64 2:1.6.4-3ubuntu0.1
2019-03-16 12:32:19 status half-installed libx11-dev:amd64 2:1.6.4-3ubuntu0.1
2019-03-16 12:32:19 status unpacked libx11-dev:amd64 2:1.6.4-3ubuntu0.2
2019-03-16 12:32:19 status unpacked libx11-dev:amd64 2:1.6.4-3ubuntu0.2
2019-03-16 12:32:19 upgrade libx11-data:all 2:1.6.4-3ubuntu0.1 2:1.6.4-3ubuntu0.2
2019-03-16 12:32:19 status half-configured libx11-data:all 2:1.6.4-3ubuntu0.1
2019-03-16 12:32:19 status unpacked libx11-data:all 2:1.6.4-3ubuntu0.1
2019-03-16 12:32:19 status half-installed libx11-data:all 2:1.6.4-3ubuntu0.1
2019-03-16 12:32:20 status half-installed libx11-data:all 2:1.6.4-3ubuntu0.1
2019-03-16 12:32:20 status unpacked libx11-data:all 2:1.6.4-3ubuntu0.2
2019-03-16 12:32:20 status unpacked libx11-data:all 2:1.6.4-3ubuntu0.2
2019-03-16 12:32:20 upgrade libx11-6:amd64 2:1.6.4-3ubuntu0.1 2:1.6.4-3ubuntu0.2
2019-03-16 12:32:20 status half-configured libx11-6:amd64 2:1.6.4-3ubuntu0.1
2019-03-16 12:32:20 status unpacked libx11-6:amd64 2:1.6.4-3ubuntu0.1
2019-03-16 12:32:20 status half-installed libx11-6:amd64 2:1.6.4-3ubuntu0.1
2019-03-16 12:32:21 status half-installed libx11-6:amd64 2:1.6.4-3ubuntu0.1
2019-03-16 12:32:21 status unpacked libx11-6:amd64 2:1.6.4-3ubuntu0.2
2019-03-16 12:32:21 status unpacked libx11-6:amd64 2:1.6.4-3ubuntu0.2
2019-03-16 12:32:21 upgrade libgtk-3-0:amd64 3.22.30-1ubuntu1 3.22.30-1ubuntu2
2019-03-16 12:32:21 status half-configured libgtk-3-0:amd64 3.22.30-1ubuntu1
2019-03-16 12:32:21 status unpacked libgtk-3-0:amd64 3.22.30-1ubuntu1
2019-03-16 12:32:21 status half-installed libgtk-3-0:amd64 3.22.30-1ubuntu1
2019-03-16 12:32:22 status half-installed libgtk-3-0:amd64 3.22.30-1ubuntu1
2019-03-16 12:32:22 status unpacked libgtk-3-0:amd64 3.22.30-1ubuntu2
2019-03-16 12:32:22 status unpacked libgtk-3-0:amd64 3.22.30-1ubuntu2
2019-03-16 12:32:22 upgrade gir1.2-gtk-3.0:amd64 3.22.30-1ubuntu1 3.22.30-1ubuntu2
2019-03-16 12:32:22 status half-configured gir1.2-gtk-3.0:amd64 3.22.30-1ubuntu1
2019-03-16 12:32:23 status unpacked gir1.2-gtk-3.0:amd64 3.22.30-1ubuntu1
2019-03-16 12:32:23 status half-installed gir1.2-gtk-3.0:amd64 3.22.30-1ubuntu1
2019-03-16 12:32:23 status half-installed gir1.2-gtk-3.0:amd64 3.22.30-1ubuntu1
2019-03-16 12:32:23 status unpacked gir1.2-gtk-3.0:amd64 3.22.30-1ubuntu2
2019-03-16 12:32:23 status unpacked gir1.2-gtk-3.0:amd64 3.22.30-1ubuntu2
2019-03-16 12:32:23 upgrade python3-gi:amd64 3.26.1-2 3.26.1-2ubuntu1
2019-03-16 12:32:23 status half-configured python3-gi:amd64 3.26.1-2
2019-03-16 12:32:24 status unpacked python3-gi:amd64 3.26.1-2
2019-03-16 12:32:24 status half-installed python3-gi:amd64 3.26.1-2
2019-03-16 12:32:24 status half-installed python3-gi:amd64 3.26.1-2
2019-03-16 12:32:24 status unpacked python3-gi:amd64 3.26.1-2ubuntu1
2019-03-16 12:32:24 status unpacked python3-gi:amd64 3.26.1-2ubuntu1
2019-03-16 12:32:24 upgrade busybox-static:amd64 1:1.27.2-2ubuntu3 1:1.27.2-2ubuntu3.1
2019-03-16 12:32:24 status half-configured busybox-static:amd64 1:1.27.2-2ubuntu3
2019-03-16 12:32:24 status unpacked busybox-static:amd64 1:1.27.2-2ubuntu3
2019-03-16 12:32:24 status half-installed busybox-static:amd64 1:1.27.2-2ubuntu3
2019-03-16 12:32:25 status half-installed busybox-static:amd64 1:1.27.2-2ubuntu3
2019-03-16 12:32:25 status unpacked busybox-static:amd64 1:1.27.2-2ubuntu3.1
2019-03-16 12:32:25 status unpacked busybox-static:amd64 1:1.27.2-2ubuntu3.1
2019-03-16 12:32:25 upgrade python3-problem-report:all 2.20.9-0ubuntu7.5 2.20.9-0ubuntu7.6
2019-03-16 12:32:25 status half-configured python3-problem-report:all 2.20.9-0ubuntu7.5
2019-03-16 12:32:25 status unpacked python3-problem-report:all 2.20.9-0ubuntu7.5
2019-03-16 12:32:25 status half-installed python3-problem-report:all 2.20.9-0ubuntu7.5
2019-03-16 12:32:25 status half-installed python3-problem-report:all 2.20.9-0ubuntu7.5
2019-03-16 12:32:26 status unpacked python3-problem-report:all 2.20.9-0ubuntu7.6
2019-03-16 12:32:26 status unpacked python3-problem-report:all 2.20.9-0ubuntu7.6
2019-03-16 12:32:26 upgrade python3-apport:all 2.20.9-0ubuntu7.5 2.20.9-0ubuntu7.6
2019-03-16 12:32:26 status half-configured python3-apport:all 2.20.9-0ubuntu7.5
2019-03-16 12:32:26 status unpacked python3-apport:all 2.20.9-0ubuntu7.5
2019-03-16 12:32:26 status half-installed python3-apport:all 2.20.9-0ubuntu7.5
2019-03-16 12:32:26 status half-installed python3-apport:all 2.20.9-0ubuntu7.5
2019-03-16 12:32:27 status unpacked python3-apport:all 2.20.9-0ubuntu7.6
2019-03-16 12:32:27 status unpacked python3-apport:all 2.20.9-0ubuntu7.6
2019-03-16 12:32:27 upgrade apport:all 2.20.9-0ubuntu7.5 2.20.9-0ubuntu7.6
2019-03-16 12:32:27 status half-configured apport:all 2.20.9-0ubuntu7.5
2019-03-16 12:32:28 status unpacked apport:all 2.20.9-0ubuntu7.5
2019-03-16 12:32:28 status half-installed apport:all 2.20.9-0ubuntu7.5
2019-03-16 12:32:28 status triggers-pending systemd:amd64 237-3ubuntu10.15
2019-03-16 12:32:28 status triggers-pending hicolor-icon-theme:all 0.17-2
2019-03-16 12:32:28 status half-installed apport:all 2.20.9-0ubuntu7.5
2019-03-16 12:32:30 status unpacked apport:all 2.20.9-0ubuntu7.6
2019-03-16 12:32:30 status unpacked apport:all 2.20.9-0ubuntu7.6
2019-03-16 12:32:30 upgrade apport-gtk:all 2.20.9-0ubuntu7.5 2.20.9-0ubuntu7.6
2019-03-16 12:32:30 status half-configured apport-gtk:all 2.20.9-0ubuntu7.5
2019-03-16 12:32:30 status unpacked apport-gtk:all 2.20.9-0ubuntu7.5
2019-03-16 12:32:30 status half-installed apport-gtk:all 2.20.9-0ubuntu7.5
2019-03-16 12:32:30 status triggers-pending gnome-menus:amd64 3.13.3-11ubuntu1.1
2019-03-16 12:32:30 status triggers-pending desktop-file-utils:amd64 0.23-1ubuntu3.18.04.2
2019-03-16 12:32:30 status triggers-pending mime-support:all 3.60ubuntu1
2019-03-16 12:32:30 status half-installed apport-gtk:all 2.20.9-0ubuntu7.5
2019-03-16 12:32:30 status unpacked apport-gtk:all 2.20.9-0ubuntu7.6
2019-03-16 12:32:30 status unpacked apport-gtk:all 2.20.9-0ubuntu7.6
2019-03-16 12:32:31 upgrade gir1.2-dbusmenu-glib-0.4:amd64 16.04.1+18.04.20171206-0ubuntu1 16.04.1+18.04.20171206-0ubuntu2
2019-03-16 12:32:31 status half-configured gir1.2-dbusmenu-glib-0.4:amd64 16.04.1+18.04.20171206-0ubuntu1
2019-03-16 12:32:31 status unpacked gir1.2-dbusmenu-glib-0.4:amd64 16.04.1+18.04.20171206-0ubuntu1
2019-03-16 12:32:31 status half-installed gir1.2-dbusmenu-glib-0.4:amd64 16.04.1+18.04.20171206-0ubuntu1
2019-03-16 12:32:31 status half-installed gir1.2-dbusmenu-glib-0.4:amd64 16.04.1+18.04.20171206-0ubuntu1
2019-03-16 12:32:31 status unpacked gir1.2-dbusmenu-glib-0.4:amd64 16.04.1+18.04.20171206-0ubuntu2
2019-03-16 12:32:31 status unpacked gir1.2-dbusmenu-glib-0.4:amd64 16.04.1+18.04.20171206-0ubuntu2
2019-03-16 12:32:31 upgrade libdbusmenu-glib4:amd64 16.04.1+18.04.20171206-0ubuntu1 16.04.1+18.04.20171206-0ubuntu2
2019-03-16 12:32:31 status half-configured libdbusmenu-glib4:amd64 16.04.1+18.04.20171206-0ubuntu1
2019-03-16 12:32:31 status unpacked libdbusmenu-glib4:amd64 16.04.1+18.04.20171206-0ubuntu1
2019-03-16 12:32:32 status half-installed libdbusmenu-glib4:amd64 16.04.1+18.04.20171206-0ubuntu1
2019-03-16 12:32:32 status half-installed libdbusmenu-glib4:amd64 16.04.1+18.04.20171206-0ubuntu1
2019-03-16 12:32:32 status unpacked libdbusmenu-glib4:amd64 16.04.1+18.04.20171206-0ubuntu2
2019-03-16 12:32:32 status unpacked libdbusmenu-glib4:amd64 16.04.1+18.04.20171206-0ubuntu2
2019-03-16 12:32:32 upgrade gtk-update-icon-cache:amd64 3.22.30-1ubuntu1 3.22.30-1ubuntu2
2019-03-16 12:32:32 status half-configured gtk-update-icon-cache:amd64 3.22.30-1ubuntu1
2019-03-16 12:32:32 status unpacked gtk-update-icon-cache:amd64 3.22.30-1ubuntu1
2019-03-16 12:32:32 status half-installed gtk-update-icon-cache:amd64 3.22.30-1ubuntu1
2019-03-16 12:32:32 status half-installed gtk-update-icon-cache:amd64 3.22.30-1ubuntu1
2019-03-16 12:32:33 status unpacked gtk-update-icon-cache:amd64 3.22.30-1ubuntu2
2019-03-16 12:32:33 status unpacked gtk-update-icon-cache:amd64 3.22.30-1ubuntu2
2019-03-16 12:32:33 upgrade libdbusmenu-gtk3-4:amd64 16.04.1+18.04.20171206-0ubuntu1 16.04.1+18.04.20171206-0ubuntu2
2019-03-16 12:32:33 status half-configured libdbusmenu-gtk3-4:amd64 16.04.1+18.04.20171206-0ubuntu1
2019-03-16 12:32:33 status unpacked libdbusmenu-gtk3-4:amd64 16.04.1+18.04.20171206-0ubuntu1
2019-03-16 12:32:33 status half-installed libdbusmenu-gtk3-4:amd64 16.04.1+18.04.20171206-0ubuntu1
2019-03-16 12:32:33 status half-installed libdbusmenu-gtk3-4:amd64 16.04.1+18.04.20171206-0ubuntu1
2019-03-16 12:32:33 status unpacked libdbusmenu-gtk3-4:amd64 16.04.1+18.04.20171206-0ubuntu2
2019-03-16 12:32:33 status unpacked libdbusmenu-gtk3-4:amd64 16.04.1+18.04.20171206-0ubuntu2
2019-03-16 12:32:34 upgrade libdbusmenu-gtk4:amd64 16.04.1+18.04.20171206-0ubuntu1 16.04.1+18.04.20171206-0ubuntu2
2019-03-16 12:32:34 status half-configured libdbusmenu-gtk4:amd64 16.04.1+18.04.20171206-0ubuntu1
2019-03-16 12:32:34 status unpacked libdbusmenu-gtk4:amd64 16.04.1+18.04.20171206-0ubuntu1
2019-03-16 12:32:34 status half-installed libdbusmenu-gtk4:amd64 16.04.1+18.04.20171206-0ubuntu1
2019-03-16 12:32:34 status half-installed libdbusmenu-gtk4:amd64 16.04.1+18.04.20171206-0ubuntu1
2019-03-16 12:32:34 status unpacked libdbusmenu-gtk4:amd64 16.04.1+18.04.20171206-0ubuntu2
2019-03-16 12:32:34 status unpacked libdbusmenu-gtk4:amd64 16.04.1+18.04.20171206-0ubuntu2
2019-03-16 12:32:34 upgrade libgtk-3-bin:amd64 3.22.30-1ubuntu1 3.22.30-1ubuntu2
2019-03-16 12:32:34 status half-configured libgtk-3-bin:amd64 3.22.30-1ubuntu1
2019-03-16 12:32:34 status unpacked libgtk-3-bin:amd64 3.22.30-1ubuntu1
2019-03-16 12:32:35 status half-installed libgtk-3-bin:amd64 3.22.30-1ubuntu1
2019-03-16 12:32:35 status half-installed libgtk-3-bin:amd64 3.22.30-1ubuntu1
2019-03-16 12:32:35 status unpacked libgtk-3-bin:amd64 3.22.30-1ubuntu2
2019-03-16 12:32:35 status unpacked libgtk-3-bin:amd64 3.22.30-1ubuntu2
2019-03-16 12:32:35 upgrade pulseaudio-module-bluetooth:amd64 1:11.1-1ubuntu7.1 1:11.1-1ubuntu7.2
2019-03-16 12:32:35 status half-configured pulseaudio-module-bluetooth:amd64 1:11.1-1ubuntu7.1
2019-03-16 12:32:35 status unpacked pulseaudio-module-bluetooth:amd64 1:11.1-1ubuntu7.1
2019-03-16 12:32:35 status half-installed pulseaudio-module-bluetooth:amd64 1:11.1-1ubuntu7.1
2019-03-16 12:32:35 status half-installed pulseaudio-module-bluetooth:amd64 1:11.1-1ubuntu7.1
2019-03-16 12:32:35 status unpacked pulseaudio-module-bluetooth:amd64 1:11.1-1ubuntu7.2
2019-03-16 12:32:36 status unpacked pulseaudio-module-bluetooth:amd64 1:11.1-1ubuntu7.2
2019-03-16 12:32:36 upgrade libx11-xcb1:amd64 2:1.6.4-3ubuntu0.1 2:1.6.4-3ubuntu0.2
2019-03-16 12:32:36 status half-configured libx11-xcb1:amd64 2:1.6.4-3ubuntu0.1
2019-03-16 12:32:36 status unpacked libx11-xcb1:amd64 2:1.6.4-3ubuntu0.1
2019-03-16 12:32:36 status half-installed libx11-xcb1:amd64 2:1.6.4-3ubuntu0.1
2019-03-16 12:32:36 status half-installed libx11-xcb1:amd64 2:1.6.4-3ubuntu0.1
2019-03-16 12:32:36 status unpacked libx11-xcb1:amd64 2:1.6.4-3ubuntu0.2
2019-03-16 12:32:36 status unpacked libx11-xcb1:amd64 2:1.6.4-3ubuntu0.2
2019-03-16 12:32:37 upgrade libpulsedsp:amd64 1:11.1-1ubuntu7.1 1:11.1-1ubuntu7.2
2019-03-16 12:32:37 status half-configured libpulsedsp:amd64 1:11.1-1ubuntu7.1
2019-03-16 12:32:37 status unpacked libpulsedsp:amd64 1:11.1-1ubuntu7.1
2019-03-16 12:32:37 status half-installed libpulsedsp:amd64 1:11.1-1ubuntu7.1
2019-03-16 12:32:37 status half-installed libpulsedsp:amd64 1:11.1-1ubuntu7.1
2019-03-16 12:32:37 status unpacked libpulsedsp:amd64 1:11.1-1ubuntu7.2
2019-03-16 12:32:37 status unpacked libpulsedsp:amd64 1:11.1-1ubuntu7.2
2019-03-16 12:32:37 upgrade pulseaudio-utils:amd64 1:11.1-1ubuntu7.1 1:11.1-1ubuntu7.2
2019-03-16 12:32:37 status half-configured pulseaudio-utils:amd64 1:11.1-1ubuntu7.1
2019-03-16 12:32:37 status unpacked pulseaudio-utils:amd64 1:11.1-1ubuntu7.1
2019-03-16 12:32:37 status half-installed pulseaudio-utils:amd64 1:11.1-1ubuntu7.1
2019-03-16 12:32:38 status half-installed pulseaudio-utils:amd64 1:11.1-1ubuntu7.1
2019-03-16 12:32:38 status unpacked pulseaudio-utils:amd64 1:11.1-1ubuntu7.2
2019-03-16 12:32:38 status unpacked pulseaudio-utils:amd64 1:11.1-1ubuntu7.2
2019-03-16 12:32:38 upgrade pulseaudio:amd64 1:11.1-1ubuntu7.1 1:11.1-1ubuntu7.2
2019-03-16 12:32:38 status half-configured pulseaudio:amd64 1:11.1-1ubuntu7.1
2019-03-16 12:32:38 status unpacked pulseaudio:amd64 1:11.1-1ubuntu7.1
2019-03-16 12:32:38 status half-installed pulseaudio:amd64 1:11.1-1ubuntu7.1
2019-03-16 12:32:38 status triggers-pending dbus:amd64 1.12.2-1ubuntu1
2019-03-16 12:32:39 status half-installed pulseaudio:amd64 1:11.1-1ubuntu7.1
2019-03-16 12:32:39 status unpacked pulseaudio:amd64 1:11.1-1ubuntu7.2
2019-03-16 12:32:39 status unpacked pulseaudio:amd64 1:11.1-1ubuntu7.2
2019-03-16 12:32:39 upgrade libpulse-mainloop-glib0:amd64 1:11.1-1ubuntu7.1 1:11.1-1ubuntu7.2
2019-03-16 12:32:39 status half-configured libpulse-mainloop-glib0:amd64 1:11.1-1ubuntu7.1
2019-03-16 12:32:40 status unpacked libpulse-mainloop-glib0:amd64 1:11.1-1ubuntu7.1
2019-03-16 12:32:40 status half-installed libpulse-mainloop-glib0:amd64 1:11.1-1ubuntu7.1
2019-03-16 12:32:40 status half-installed libpulse-mainloop-glib0:amd64 1:11.1-1ubuntu7.1
2019-03-16 12:32:40 status unpacked libpulse-mainloop-glib0:amd64 1:11.1-1ubuntu7.2
2019-03-16 12:32:40 status unpacked libpulse-mainloop-glib0:amd64 1:11.1-1ubuntu7.2
2019-03-16 12:32:40 upgrade libpulse0:amd64 1:11.1-1ubuntu7.1 1:11.1-1ubuntu7.2
2019-03-16 12:32:40 status half-configured libpulse0:amd64 1:11.1-1ubuntu7.1
2019-03-16 12:32:40 status unpacked libpulse0:amd64 1:11.1-1ubuntu7.1
2019-03-16 12:32:40 status half-installed libpulse0:amd64 1:11.1-1ubuntu7.1
2019-03-16 12:32:41 status half-installed libpulse0:amd64 1:11.1-1ubuntu7.1
2019-03-16 12:32:41 status unpacked libpulse0:amd64 1:11.1-1ubuntu7.2
2019-03-16 12:32:41 status unpacked libpulse0:amd64 1:11.1-1ubuntu7.2
2019-03-16 12:32:41 upgrade libxcb-dri2-0:amd64 1.13-1 1.13-2~ubuntu18.04
2019-03-16 12:32:41 status half-configured libxcb-dri2-0:amd64 1.13-1
2019-03-16 12:32:41 status unpacked libxcb-dri2-0:amd64 1.13-1
2019-03-16 12:32:41 status half-installed libxcb-dri2-0:amd64 1.13-1
2019-03-16 12:32:41 status half-installed libxcb-dri2-0:amd64 1.13-1
2019-03-16 12:32:41 status unpacked libxcb-dri2-0:amd64 1.13-2~ubuntu18.04
2019-03-16 12:32:42 status unpacked libxcb-dri2-0:amd64 1.13-2~ubuntu18.04
2019-03-16 12:32:42 upgrade libxcb-dri3-0:amd64 1.13-1 1.13-2~ubuntu18.04
2019-03-16 12:32:42 status half-configured libxcb-dri3-0:amd64 1.13-1
2019-03-16 12:32:42 status unpacked libxcb-dri3-0:amd64 1.13-1
2019-03-16 12:32:42 status half-installed libxcb-dri3-0:amd64 1.13-1
2019-03-16 12:32:42 status half-installed libxcb-dri3-0:amd64 1.13-1
2019-03-16 12:32:42 status unpacked libxcb-dri3-0:amd64 1.13-2~ubuntu18.04
2019-03-16 12:32:42 status unpacked libxcb-dri3-0:amd64 1.13-2~ubuntu18.04
2019-03-16 12:32:43 upgrade libxcb-glx0:amd64 1.13-1 1.13-2~ubuntu18.04
2019-03-16 12:32:43 status half-configured libxcb-glx0:amd64 1.13-1
2019-03-16 12:32:43 status unpacked libxcb-glx0:amd64 1.13-1
2019-03-16 12:32:43 status half-installed libxcb-glx0:amd64 1.13-1
2019-03-16 12:32:43 status half-installed libxcb-glx0:amd64 1.13-1
2019-03-16 12:32:43 status unpacked libxcb-glx0:amd64 1.13-2~ubuntu18.04
2019-03-16 12:32:43 status unpacked libxcb-glx0:amd64 1.13-2~ubuntu18.04
2019-03-16 12:32:43 upgrade libxcb-present0:amd64 1.13-1 1.13-2~ubuntu18.04
2019-03-16 12:32:43 status half-configured libxcb-present0:amd64 1.13-1
2019-03-16 12:32:43 status unpacked libxcb-present0:amd64 1.13-1
2019-03-16 12:32:43 status half-installed libxcb-present0:amd64 1.13-1
2019-03-16 12:32:44 status half-installed libxcb-present0:amd64 1.13-1
2019-03-16 12:32:44 status unpacked libxcb-present0:amd64 1.13-2~ubuntu18.04
2019-03-16 12:32:44 status unpacked libxcb-present0:amd64 1.13-2~ubuntu18.04
2019-03-16 12:32:44 upgrade libxcb-randr0:amd64 1.13-1 1.13-2~ubuntu18.04
2019-03-16 12:32:44 status half-configured libxcb-randr0:amd64 1.13-1
2019-03-16 12:32:44 status unpacked libxcb-randr0:amd64 1.13-1
2019-03-16 12:32:44 status half-installed libxcb-randr0:amd64 1.13-1
2019-03-16 12:32:44 status half-installed libxcb-randr0:amd64 1.13-1
2019-03-16 12:32:44 status unpacked libxcb-randr0:amd64 1.13-2~ubuntu18.04
2019-03-16 12:32:44 status unpacked libxcb-randr0:amd64 1.13-2~ubuntu18.04
2019-03-16 12:32:46 upgrade libxcb-render0:amd64 1.13-1 1.13-2~ubuntu18.04
2019-03-16 12:32:46 status half-configured libxcb-render0:amd64 1.13-1
2019-03-16 12:32:46 status unpacked libxcb-render0:amd64 1.13-1
2019-03-16 12:32:46 status half-installed libxcb-render0:amd64 1.13-1
2019-03-16 12:32:46 status half-installed libxcb-render0:amd64 1.13-1
2019-03-16 12:32:46 status unpacked libxcb-render0:amd64 1.13-2~ubuntu18.04
2019-03-16 12:32:46 status unpacked libxcb-render0:amd64 1.13-2~ubuntu18.04
2019-03-16 12:32:47 upgrade libxcb-res0:amd64 1.13-1 1.13-2~ubuntu18.04
2019-03-16 12:32:47 status half-configured libxcb-res0:amd64 1.13-1
2019-03-16 12:32:47 status unpacked libxcb-res0:amd64 1.13-1
2019-03-16 12:32:47 status half-installed libxcb-res0:amd64 1.13-1
2019-03-16 12:32:47 status half-installed libxcb-res0:amd64 1.13-1
2019-03-16 12:32:47 status unpacked libxcb-res0:amd64 1.13-2~ubuntu18.04
2019-03-16 12:32:47 status unpacked libxcb-res0:amd64 1.13-2~ubuntu18.04
2019-03-16 12:32:47 upgrade libxcb-shape0:amd64 1.13-1 1.13-2~ubuntu18.04
2019-03-16 12:32:47 status half-configured libxcb-shape0:amd64 1.13-1
2019-03-16 12:32:48 status unpacked libxcb-shape0:amd64 1.13-1
2019-03-16 12:32:48 status half-installed libxcb-shape0:amd64 1.13-1
2019-03-16 12:32:48 status half-installed libxcb-shape0:amd64 1.13-1
2019-03-16 12:32:48 status unpacked libxcb-shape0:amd64 1.13-2~ubuntu18.04
2019-03-16 12:32:48 status unpacked libxcb-shape0:amd64 1.13-2~ubuntu18.04
2019-03-16 12:32:48 upgrade libxcb-shm0:amd64 1.13-1 1.13-2~ubuntu18.04
2019-03-16 12:32:48 status half-configured libxcb-shm0:amd64 1.13-1
2019-03-16 12:32:48 status unpacked libxcb-shm0:amd64 1.13-1
2019-03-16 12:32:48 status half-installed libxcb-shm0:amd64 1.13-1
2019-03-16 12:32:48 status half-installed libxcb-shm0:amd64 1.13-1
2019-03-16 12:32:49 status unpacked libxcb-shm0:amd64 1.13-2~ubuntu18.04
2019-03-16 12:32:49 status unpacked libxcb-shm0:amd64 1.13-2~ubuntu18.04
2019-03-16 12:32:49 upgrade libxcb-sync1:amd64 1.13-1 1.13-2~ubuntu18.04
2019-03-16 12:32:49 status half-configured libxcb-sync1:amd64 1.13-1
2019-03-16 12:32:49 status unpacked libxcb-sync1:amd64 1.13-1
2019-03-16 12:32:49 status half-installed libxcb-sync1:amd64 1.13-1
2019-03-16 12:32:49 status half-installed libxcb-sync1:amd64 1.13-1
2019-03-16 12:32:49 status unpacked libxcb-sync1:amd64 1.13-2~ubuntu18.04
2019-03-16 12:32:50 status unpacked libxcb-sync1:amd64 1.13-2~ubuntu18.04
2019-03-16 12:32:50 upgrade libxcb-xfixes0:amd64 1.13-1 1.13-2~ubuntu18.04
2019-03-16 12:32:50 status half-configured libxcb-xfixes0:amd64 1.13-1
2019-03-16 12:32:50 status unpacked libxcb-xfixes0:amd64 1.13-1
2019-03-16 12:32:50 status half-installed libxcb-xfixes0:amd64 1.13-1
2019-03-16 12:32:50 status half-installed libxcb-xfixes0:amd64 1.13-1
2019-03-16 12:32:50 status unpacked libxcb-xfixes0:amd64 1.13-2~ubuntu18.04
2019-03-16 12:32:50 status unpacked libxcb-xfixes0:amd64 1.13-2~ubuntu18.04
2019-03-16 12:32:51 upgrade libxcb-xkb1:amd64 1.13-1 1.13-2~ubuntu18.04
2019-03-16 12:32:51 status half-configured libxcb-xkb1:amd64 1.13-1
2019-03-16 12:32:51 status unpacked libxcb-xkb1:amd64 1.13-1
2019-03-16 12:32:51 status half-installed libxcb-xkb1:amd64 1.13-1
2019-03-16 12:32:51 status half-installed libxcb-xkb1:amd64 1.13-1
2019-03-16 12:32:51 status unpacked libxcb-xkb1:amd64 1.13-2~ubuntu18.04
2019-03-16 12:32:51 status unpacked libxcb-xkb1:amd64 1.13-2~ubuntu18.04
2019-03-16 12:32:51 upgrade libxcb-xv0:amd64 1.13-1 1.13-2~ubuntu18.04
2019-03-16 12:32:51 status half-configured libxcb-xv0:amd64 1.13-1
2019-03-16 12:32:51 status unpacked libxcb-xv0:amd64 1.13-1
2019-03-16 12:32:51 status half-installed libxcb-xv0:amd64 1.13-1
2019-03-16 12:32:52 status half-installed libxcb-xv0:amd64 1.13-1
2019-03-16 12:32:52 status unpacked libxcb-xv0:amd64 1.13-2~ubuntu18.04
2019-03-16 12:32:52 status unpacked libxcb-xv0:amd64 1.13-2~ubuntu18.04
2019-03-16 12:32:52 upgrade snapd:amd64 2.37.1.1+18.04 2.37.4+18.04
2019-03-16 12:32:52 status half-configured snapd:amd64 2.37.1.1+18.04
2019-03-16 12:32:52 status unpacked snapd:amd64 2.37.1.1+18.04
2019-03-16 12:32:52 status half-installed snapd:amd64 2.37.1.1+18.04
2019-03-16 12:32:55 status half-installed snapd:amd64 2.37.1.1+18.04
2019-03-16 12:32:56 status unpacked snapd:amd64 2.37.4+18.04
2019-03-16 12:32:56 status unpacked snapd:amd64 2.37.4+18.04
2019-03-16 12:32:56 upgrade unattended-upgrades:all 1.1ubuntu1.18.04.8 1.1ubuntu1.18.04.9
2019-03-16 12:32:56 status half-configured unattended-upgrades:all 1.1ubuntu1.18.04.8
2019-03-16 12:32:56 status unpacked unattended-upgrades:all 1.1ubuntu1.18.04.8
2019-03-16 12:32:56 status half-installed unattended-upgrades:all 1.1ubuntu1.18.04.8
2019-03-16 12:32:56 status half-installed unattended-upgrades:all 1.1ubuntu1.18.04.8
2019-03-16 12:32:57 status unpacked unattended-upgrades:all 1.1ubuntu1.18.04.9
2019-03-16 12:32:57 status unpacked unattended-upgrades:all 1.1ubuntu1.18.04.9
2019-03-16 12:32:57 upgrade jenkins:all 2.150.3 2.164.1
2019-03-16 12:32:57 status half-configured jenkins:all 2.150.3
2019-03-16 12:32:58 status unpacked jenkins:all 2.150.3
2019-03-16 12:32:58 status half-installed jenkins:all 2.150.3
2019-03-16 12:33:01 status half-installed jenkins:all 2.150.3
2019-03-16 12:33:01 status unpacked jenkins:all 2.164.1
2019-03-16 12:33:03 status unpacked jenkins:all 2.164.1
2019-03-16 12:33:03 startup packages configure
2019-03-16 12:33:03 configure jenkins:all 2.164.1 <none>
2019-03-16 12:33:03 status unpacked jenkins:all 2.164.1
2019-03-16 12:33:03 status unpacked jenkins:all 2.164.1
2019-03-16 12:33:03 status unpacked jenkins:all 2.164.1
2019-03-16 12:33:03 status unpacked jenkins:all 2.164.1
2019-03-16 12:33:03 status half-configured jenkins:all 2.164.1
2019-03-16 12:33:06 status installed jenkins:all 2.164.1
2019-03-16 12:33:06 configure libnss-systemd:amd64 237-3ubuntu10.15 <none>
2019-03-16 12:33:06 status unpacked libnss-systemd:amd64 237-3ubuntu10.15
2019-03-16 12:33:06 status half-configured libnss-systemd:amd64 237-3ubuntu10.15
2019-03-16 12:33:06 status installed libnss-systemd:amd64 237-3ubuntu10.15
2019-03-16 12:33:06 trigproc mime-support:all 3.60ubuntu1 <none>
2019-03-16 12:33:06 status half-configured mime-support:all 3.60ubuntu1
2019-03-16 12:33:06 status installed mime-support:all 3.60ubuntu1
2019-03-16 12:33:06 trigproc ureadahead:amd64 0.100.0-20 <none>
2019-03-16 12:33:06 status half-configured ureadahead:amd64 0.100.0-20
2019-03-16 12:33:07 status installed ureadahead:amd64 0.100.0-20
2019-03-16 12:33:07 configure libnss-myhostname:amd64 237-3ubuntu10.15 <none>
2019-03-16 12:33:07 status unpacked libnss-myhostname:amd64 237-3ubuntu10.15
2019-03-16 12:33:07 status half-configured libnss-myhostname:amd64 237-3ubuntu10.15
2019-03-16 12:33:07 status installed libnss-myhostname:amd64 237-3ubuntu10.15
2019-03-16 12:33:07 trigproc desktop-file-utils:amd64 0.23-1ubuntu3.18.04.2 <none>
2019-03-16 12:33:07 status half-configured desktop-file-utils:amd64 0.23-1ubuntu3.18.04.2
2019-03-16 12:33:07 status installed desktop-file-utils:amd64 0.23-1ubuntu3.18.04.2
2019-03-16 12:33:07 configure libgtk-3-common:all 3.22.30-1ubuntu2 <none>
2019-03-16 12:33:07 status unpacked libgtk-3-common:all 3.22.30-1ubuntu2
2019-03-16 12:33:07 status unpacked libgtk-3-common:all 3.22.30-1ubuntu2
2019-03-16 12:33:07 status half-configured libgtk-3-common:all 3.22.30-1ubuntu2
2019-03-16 12:33:07 status triggers-awaited libgtk-3-common:all 3.22.30-1ubuntu2
2019-03-16 12:33:07 configure systemd-sysv:amd64 237-3ubuntu10.15 <none>
2019-03-16 12:33:07 status unpacked systemd-sysv:amd64 237-3ubuntu10.15
2019-03-16 12:33:07 status half-configured systemd-sysv:amd64 237-3ubuntu10.15
2019-03-16 12:33:07 status installed systemd-sysv:amd64 237-3ubuntu10.15
2019-03-16 12:33:07 trigproc libglib2.0-0:amd64 2.56.3-0ubuntu0.18.04.1 <none>
2019-03-16 12:33:07 status half-configured libglib2.0-0:amd64 2.56.3-0ubuntu0.18.04.1
2019-03-16 12:33:08 status installed libgtk-3-common:all 3.22.30-1ubuntu2
2019-03-16 12:33:08 status installed libglib2.0-0:amd64 2.56.3-0ubuntu0.18.04.1
2019-03-16 12:33:08 configure python3-gi:amd64 3.26.1-2ubuntu1 <none>
2019-03-16 12:33:08 status unpacked python3-gi:amd64 3.26.1-2ubuntu1
2019-03-16 12:33:08 status half-configured python3-gi:amd64 3.26.1-2ubuntu1
2019-03-16 12:33:09 status installed python3-gi:amd64 3.26.1-2ubuntu1
2019-03-16 12:33:09 configure python3-problem-report:all 2.20.9-0ubuntu7.6 <none>
2019-03-16 12:33:09 status unpacked python3-problem-report:all 2.20.9-0ubuntu7.6
2019-03-16 12:33:09 status half-configured python3-problem-report:all 2.20.9-0ubuntu7.6
2019-03-16 12:33:09 status installed python3-problem-report:all 2.20.9-0ubuntu7.6
2019-03-16 12:33:09 configure busybox-initramfs:amd64 1:1.27.2-2ubuntu3.1 <none>
2019-03-16 12:33:09 status unpacked busybox-initramfs:amd64 1:1.27.2-2ubuntu3.1
2019-03-16 12:33:09 status half-configured busybox-initramfs:amd64 1:1.27.2-2ubuntu3.1
2019-03-16 12:33:10 status installed busybox-initramfs:amd64 1:1.27.2-2ubuntu3.1
2019-03-16 12:33:10 configure libx11-xcb1:amd64 2:1.6.4-3ubuntu0.2 <none>
2019-03-16 12:33:10 status unpacked libx11-xcb1:amd64 2:1.6.4-3ubuntu0.2
2019-03-16 12:33:10 status half-configured libx11-xcb1:amd64 2:1.6.4-3ubuntu0.2
2019-03-16 12:33:10 status installed libx11-xcb1:amd64 2:1.6.4-3ubuntu0.2
2019-03-16 12:33:10 configure gtk-update-icon-cache:amd64 3.22.30-1ubuntu2 <none>
2019-03-16 12:33:10 status unpacked gtk-update-icon-cache:amd64 3.22.30-1ubuntu2
2019-03-16 12:33:10 status half-configured gtk-update-icon-cache:amd64 3.22.30-1ubuntu2
2019-03-16 12:33:10 status installed gtk-update-icon-cache:amd64 3.22.30-1ubuntu2
2019-03-16 12:33:10 configure libdbusmenu-glib4:amd64 16.04.1+18.04.20171206-0ubuntu2 <none>
2019-03-16 12:33:10 status unpacked libdbusmenu-glib4:amd64 16.04.1+18.04.20171206-0ubuntu2
2019-03-16 12:33:10 status half-configured libdbusmenu-glib4:amd64 16.04.1+18.04.20171206-0ubuntu2
2019-03-16 12:33:10 status installed libdbusmenu-glib4:amd64 16.04.1+18.04.20171206-0ubuntu2
2019-03-16 12:33:10 trigproc libc-bin:amd64 2.27-3ubuntu1 <none>
2019-03-16 12:33:10 status half-configured libc-bin:amd64 2.27-3ubuntu1
2019-03-16 12:33:10 status installed libc-bin:amd64 2.27-3ubuntu1
2019-03-16 12:33:10 configure udev:amd64 237-3ubuntu10.15 <none>
2019-03-16 12:33:10 status unpacked udev:amd64 237-3ubuntu10.15
2019-03-16 12:33:10 status unpacked udev:amd64 237-3ubuntu10.15
2019-03-16 12:33:10 status unpacked udev:amd64 237-3ubuntu10.15
2019-03-16 12:33:11 status half-configured udev:amd64 237-3ubuntu10.15
2019-03-16 12:33:13 status installed udev:amd64 237-3ubuntu10.15
2019-03-16 12:33:13 configure unattended-upgrades:all 1.1ubuntu1.18.04.9 <none>
2019-03-16 12:33:13 status unpacked unattended-upgrades:all 1.1ubuntu1.18.04.9
2019-03-16 12:33:13 status unpacked unattended-upgrades:all 1.1ubuntu1.18.04.9
2019-03-16 12:33:13 status unpacked unattended-upgrades:all 1.1ubuntu1.18.04.9
2019-03-16 12:33:13 status unpacked unattended-upgrades:all 1.1ubuntu1.18.04.9
2019-03-16 12:33:13 status unpacked unattended-upgrades:all 1.1ubuntu1.18.04.9
2019-03-16 12:33:14 status half-configured unattended-upgrades:all 1.1ubuntu1.18.04.9
2019-03-16 12:33:16 status installed unattended-upgrades:all 1.1ubuntu1.18.04.9
2019-03-16 12:33:16 configure libx11-doc:all 2:1.6.4-3ubuntu0.2 <none>
2019-03-16 12:33:16 status unpacked libx11-doc:all 2:1.6.4-3ubuntu0.2
2019-03-16 12:33:16 status half-configured libx11-doc:all 2:1.6.4-3ubuntu0.2
2019-03-16 12:33:16 status installed libx11-doc:all 2:1.6.4-3ubuntu0.2
2019-03-16 12:33:16 trigproc man-db:amd64 2.8.3-2ubuntu0.1 <none>
2019-03-16 12:33:16 status half-configured man-db:amd64 2.8.3-2ubuntu0.1
2019-03-16 12:33:28 status installed man-db:amd64 2.8.3-2ubuntu0.1
2019-03-16 12:33:28 configure busybox-static:amd64 1:1.27.2-2ubuntu3.1 <none>
2019-03-16 12:33:28 status unpacked busybox-static:amd64 1:1.27.2-2ubuntu3.1
2019-03-16 12:33:28 status half-configured busybox-static:amd64 1:1.27.2-2ubuntu3.1
2019-03-16 12:33:29 status installed busybox-static:amd64 1:1.27.2-2ubuntu3.1
2019-03-16 12:33:29 trigproc gnome-menus:amd64 3.13.3-11ubuntu1.1 <none>
2019-03-16 12:33:29 status half-configured gnome-menus:amd64 3.13.3-11ubuntu1.1
2019-03-16 12:33:29 status installed gnome-menus:amd64 3.13.3-11ubuntu1.1
2019-03-16 12:33:29 configure initramfs-tools-bin:amd64 0.130ubuntu3.7 <none>
2019-03-16 12:33:29 status unpacked initramfs-tools-bin:amd64 0.130ubuntu3.7
2019-03-16 12:33:29 status half-configured initramfs-tools-bin:amd64 0.130ubuntu3.7
2019-03-16 12:33:29 status installed initramfs-tools-bin:amd64 0.130ubuntu3.7
2019-03-16 12:33:29 trigproc dbus:amd64 1.12.2-1ubuntu1 <none>
2019-03-16 12:33:29 status half-configured dbus:amd64 1.12.2-1ubuntu1
2019-03-16 12:33:29 status installed dbus:amd64 1.12.2-1ubuntu1
2019-03-16 12:33:29 trigproc hicolor-icon-theme:all 0.17-2 <none>
2019-03-16 12:33:29 status half-configured hicolor-icon-theme:all 0.17-2
2019-03-16 12:33:29 status installed hicolor-icon-theme:all 0.17-2
2019-03-16 12:33:29 configure libxcb1:amd64 1.13-2~ubuntu18.04 <none>
2019-03-16 12:33:29 status triggers-pending libc-bin:amd64 2.27-3ubuntu1
2019-03-16 12:33:29 status unpacked libxcb1:amd64 1.13-2~ubuntu18.04
2019-03-16 12:33:30 status half-configured libxcb1:amd64 1.13-2~ubuntu18.04
2019-03-16 12:33:30 status installed libxcb1:amd64 1.13-2~ubuntu18.04
2019-03-16 12:33:30 configure libx11-data:all 2:1.6.4-3ubuntu0.2 <none>
2019-03-16 12:33:30 status unpacked libx11-data:all 2:1.6.4-3ubuntu0.2
2019-03-16 12:33:30 status half-configured libx11-data:all 2:1.6.4-3ubuntu0.2
2019-03-16 12:33:30 status installed libx11-data:all 2:1.6.4-3ubuntu0.2
2019-03-16 12:33:30 configure libidn11:amd64 1.33-2.1ubuntu1.1 <none>
2019-03-16 12:33:30 status unpacked libidn11:amd64 1.33-2.1ubuntu1.1
2019-03-16 12:33:30 status half-configured libidn11:amd64 1.33-2.1ubuntu1.1
2019-03-16 12:33:30 status installed libidn11:amd64 1.33-2.1ubuntu1.1
2019-03-16 12:33:30 configure libxcb-xkb1:amd64 1.13-2~ubuntu18.04 <none>
2019-03-16 12:33:30 status unpacked libxcb-xkb1:amd64 1.13-2~ubuntu18.04
2019-03-16 12:33:30 status half-configured libxcb-xkb1:amd64 1.13-2~ubuntu18.04
2019-03-16 12:33:30 status installed libxcb-xkb1:amd64 1.13-2~ubuntu18.04
2019-03-16 12:33:30 configure libxcb-present0:amd64 1.13-2~ubuntu18.04 <none>
2019-03-16 12:33:30 status unpacked libxcb-present0:amd64 1.13-2~ubuntu18.04
2019-03-16 12:33:30 status half-configured libxcb-present0:amd64 1.13-2~ubuntu18.04
2019-03-16 12:33:30 status installed libxcb-present0:amd64 1.13-2~ubuntu18.04
2019-03-16 12:33:30 configure libxcb-dri2-0:amd64 1.13-2~ubuntu18.04 <none>
2019-03-16 12:33:30 status unpacked libxcb-dri2-0:amd64 1.13-2~ubuntu18.04
2019-03-16 12:33:30 status half-configured libxcb-dri2-0:amd64 1.13-2~ubuntu18.04
2019-03-16 12:33:30 status installed libxcb-dri2-0:amd64 1.13-2~ubuntu18.04
2019-03-16 12:33:31 configure libxcb-dri3-0:amd64 1.13-2~ubuntu18.04 <none>
2019-03-16 12:33:31 status unpacked libxcb-dri3-0:amd64 1.13-2~ubuntu18.04
2019-03-16 12:33:31 status half-configured libxcb-dri3-0:amd64 1.13-2~ubuntu18.04
2019-03-16 12:33:31 status installed libxcb-dri3-0:amd64 1.13-2~ubuntu18.04
2019-03-16 12:33:31 configure libxcb-glx0:amd64 1.13-2~ubuntu18.04 <none>
2019-03-16 12:33:31 status unpacked libxcb-glx0:amd64 1.13-2~ubuntu18.04
2019-03-16 12:33:31 status half-configured libxcb-glx0:amd64 1.13-2~ubuntu18.04
2019-03-16 12:33:31 status installed libxcb-glx0:amd64 1.13-2~ubuntu18.04
2019-03-16 12:33:31 configure libxcb-randr0:amd64 1.13-2~ubuntu18.04 <none>
2019-03-16 12:33:31 status unpacked libxcb-randr0:amd64 1.13-2~ubuntu18.04
2019-03-16 12:33:31 status half-configured libxcb-randr0:amd64 1.13-2~ubuntu18.04
2019-03-16 12:33:31 status installed libxcb-randr0:amd64 1.13-2~ubuntu18.04
2019-03-16 12:33:31 configure libxcb-xfixes0:amd64 1.13-2~ubuntu18.04 <none>
2019-03-16 12:33:31 status unpacked libxcb-xfixes0:amd64 1.13-2~ubuntu18.04
2019-03-16 12:33:31 status half-configured libxcb-xfixes0:amd64 1.13-2~ubuntu18.04
2019-03-16 12:33:31 status installed libxcb-xfixes0:amd64 1.13-2~ubuntu18.04
2019-03-16 12:33:31 configure libxcb-render0:amd64 1.13-2~ubuntu18.04 <none>
2019-03-16 12:33:31 status unpacked libxcb-render0:amd64 1.13-2~ubuntu18.04
2019-03-16 12:33:31 status half-configured libxcb-render0:amd64 1.13-2~ubuntu18.04
2019-03-16 12:33:31 status installed libxcb-render0:amd64 1.13-2~ubuntu18.04
2019-03-16 12:33:31 configure libpam-systemd:amd64 237-3ubuntu10.15 <none>
2019-03-16 12:33:31 status unpacked libpam-systemd:amd64 237-3ubuntu10.15
2019-03-16 12:33:31 status half-configured libpam-systemd:amd64 237-3ubuntu10.15
2019-03-16 12:33:32 status installed libpam-systemd:amd64 237-3ubuntu10.15
2019-03-16 12:33:32 configure initramfs-tools-core:all 0.130ubuntu3.7 <none>
2019-03-16 12:33:32 status unpacked initramfs-tools-core:all 0.130ubuntu3.7
2019-03-16 12:33:32 status unpacked initramfs-tools-core:all 0.130ubuntu3.7
2019-03-16 12:33:32 status half-configured initramfs-tools-core:all 0.130ubuntu3.7
2019-03-16 12:33:32 status installed initramfs-tools-core:all 0.130ubuntu3.7
2019-03-16 12:33:32 configure libxcb-res0:amd64 1.13-2~ubuntu18.04 <none>
2019-03-16 12:33:32 status unpacked libxcb-res0:amd64 1.13-2~ubuntu18.04
2019-03-16 12:33:32 status half-configured libxcb-res0:amd64 1.13-2~ubuntu18.04
2019-03-16 12:33:32 status installed libxcb-res0:amd64 1.13-2~ubuntu18.04
2019-03-16 12:33:32 configure libdbusmenu-gtk3-4:amd64 16.04.1+18.04.20171206-0ubuntu2 <none>
2019-03-16 12:33:32 status unpacked libdbusmenu-gtk3-4:amd64 16.04.1+18.04.20171206-0ubuntu2
2019-03-16 12:33:33 status half-configured libdbusmenu-gtk3-4:amd64 16.04.1+18.04.20171206-0ubuntu2
2019-03-16 12:33:33 status installed libdbusmenu-gtk3-4:amd64 16.04.1+18.04.20171206-0ubuntu2
2019-03-16 12:33:33 configure libx11-6:amd64 2:1.6.4-3ubuntu0.2 <none>
2019-03-16 12:33:33 status unpacked libx11-6:amd64 2:1.6.4-3ubuntu0.2
2019-03-16 12:33:33 status half-configured libx11-6:amd64 2:1.6.4-3ubuntu0.2
2019-03-16 12:33:33 status installed libx11-6:amd64 2:1.6.4-3ubuntu0.2
2019-03-16 12:33:33 configure initramfs-tools:all 0.130ubuntu3.7 <none>
2019-03-16 12:33:33 status unpacked initramfs-tools:all 0.130ubuntu3.7
2019-03-16 12:33:33 status unpacked initramfs-tools:all 0.130ubuntu3.7
2019-03-16 12:33:33 status unpacked initramfs-tools:all 0.130ubuntu3.7
2019-03-16 12:33:33 status unpacked initramfs-tools:all 0.130ubuntu3.7
2019-03-16 12:33:33 status half-configured initramfs-tools:all 0.130ubuntu3.7
2019-03-16 12:33:33 status installed initramfs-tools:all 0.130ubuntu3.7
2019-03-16 12:33:33 status triggers-pending initramfs-tools:all 0.130ubuntu3.7
2019-03-16 12:33:33 configure python3-gi-cairo:amd64 3.26.1-2ubuntu1 <none>
2019-03-16 12:33:33 status unpacked python3-gi-cairo:amd64 3.26.1-2ubuntu1
2019-03-16 12:33:33 status half-configured python3-gi-cairo:amd64 3.26.1-2ubuntu1
2019-03-16 12:33:33 status installed python3-gi-cairo:amd64 3.26.1-2ubuntu1
2019-03-16 12:33:34 configure python3-apport:all 2.20.9-0ubuntu7.6 <none>
2019-03-16 12:33:34 status unpacked python3-apport:all 2.20.9-0ubuntu7.6
2019-03-16 12:33:34 status half-configured python3-apport:all 2.20.9-0ubuntu7.6
2019-03-16 12:33:34 status installed python3-apport:all 2.20.9-0ubuntu7.6
2019-03-16 12:33:34 configure libgtk-3-0:amd64 3.22.30-1ubuntu2 <none>
2019-03-16 12:33:34 status unpacked libgtk-3-0:amd64 3.22.30-1ubuntu2
2019-03-16 12:33:34 status unpacked libgtk-3-0:amd64 3.22.30-1ubuntu2
2019-03-16 12:33:34 status half-configured libgtk-3-0:amd64 3.22.30-1ubuntu2
2019-03-16 12:33:34 status installed libgtk-3-0:amd64 3.22.30-1ubuntu2
2019-03-16 12:33:34 configure libpulse0:amd64 1:11.1-1ubuntu7.2 <none>
2019-03-16 12:33:34 status unpacked libpulse0:amd64 1:11.1-1ubuntu7.2
2019-03-16 12:33:34 status unpacked libpulse0:amd64 1:11.1-1ubuntu7.2
2019-03-16 12:33:34 status half-configured libpulse0:amd64 1:11.1-1ubuntu7.2
2019-03-16 12:33:35 status installed libpulse0:amd64 1:11.1-1ubuntu7.2
2019-03-16 12:33:35 configure libxcb-sync1:amd64 1.13-2~ubuntu18.04 <none>
2019-03-16 12:33:35 status unpacked libxcb-sync1:amd64 1.13-2~ubuntu18.04
2019-03-16 12:33:35 status half-configured libxcb-sync1:amd64 1.13-2~ubuntu18.04
2019-03-16 12:33:35 status installed libxcb-sync1:amd64 1.13-2~ubuntu18.04
2019-03-16 12:33:35 configure snapd:amd64 2.37.4+18.04 <none>
2019-03-16 12:33:35 status unpacked snapd:amd64 2.37.4+18.04
2019-03-16 12:33:35 status unpacked snapd:amd64 2.37.4+18.04
2019-03-16 12:33:35 status unpacked snapd:amd64 2.37.4+18.04
2019-03-16 12:33:35 status unpacked snapd:amd64 2.37.4+18.04
2019-03-16 12:33:35 status unpacked snapd:amd64 2.37.4+18.04
2019-03-16 12:33:35 status half-configured snapd:amd64 2.37.4+18.04
2019-03-16 12:33:47 status installed snapd:amd64 2.37.4+18.04
2019-03-16 12:33:47 configure libgtk-3-bin:amd64 3.22.30-1ubuntu2 <none>
2019-03-16 12:33:47 status unpacked libgtk-3-bin:amd64 3.22.30-1ubuntu2
2019-03-16 12:33:47 status half-configured libgtk-3-bin:amd64 3.22.30-1ubuntu2
2019-03-16 12:33:47 status installed libgtk-3-bin:amd64 3.22.30-1ubuntu2
2019-03-16 12:33:47 configure gir1.2-dbusmenu-glib-0.4:amd64 16.04.1+18.04.20171206-0ubuntu2 <none>
2019-03-16 12:33:47 status unpacked gir1.2-dbusmenu-glib-0.4:amd64 16.04.1+18.04.20171206-0ubuntu2
2019-03-16 12:33:47 status half-configured gir1.2-dbusmenu-glib-0.4:amd64 16.04.1+18.04.20171206-0ubuntu2
2019-03-16 12:33:47 status installed gir1.2-dbusmenu-glib-0.4:amd64 16.04.1+18.04.20171206-0ubuntu2
2019-03-16 12:33:47 configure libdbusmenu-gtk4:amd64 16.04.1+18.04.20171206-0ubuntu2 <none>
2019-03-16 12:33:47 status unpacked libdbusmenu-gtk4:amd64 16.04.1+18.04.20171206-0ubuntu2
2019-03-16 12:33:48 status half-configured libdbusmenu-gtk4:amd64 16.04.1+18.04.20171206-0ubuntu2
2019-03-16 12:33:48 status installed libdbusmenu-gtk4:amd64 16.04.1+18.04.20171206-0ubuntu2
2019-03-16 12:33:48 configure libxcb-xv0:amd64 1.13-2~ubuntu18.04 <none>
2019-03-16 12:33:48 status unpacked libxcb-xv0:amd64 1.13-2~ubuntu18.04
2019-03-16 12:33:48 status half-configured libxcb-xv0:amd64 1.13-2~ubuntu18.04
2019-03-16 12:33:48 status installed libxcb-xv0:amd64 1.13-2~ubuntu18.04
2019-03-16 12:33:48 trigproc systemd:amd64 237-3ubuntu10.15 <none>
2019-03-16 12:33:48 status half-configured systemd:amd64 237-3ubuntu10.15
2019-03-16 12:33:48 status installed systemd:amd64 237-3ubuntu10.15
2019-03-16 12:33:48 configure apport:all 2.20.9-0ubuntu7.6 <none>
2019-03-16 12:33:48 status unpacked apport:all 2.20.9-0ubuntu7.6
2019-03-16 12:33:48 status unpacked apport:all 2.20.9-0ubuntu7.6
2019-03-16 12:33:48 status unpacked apport:all 2.20.9-0ubuntu7.6
2019-03-16 12:33:48 status unpacked apport:all 2.20.9-0ubuntu7.6
2019-03-16 12:33:48 status unpacked apport:all 2.20.9-0ubuntu7.6
2019-03-16 12:33:48 status unpacked apport:all 2.20.9-0ubuntu7.6
2019-03-16 12:33:49 status unpacked apport:all 2.20.9-0ubuntu7.6
2019-03-16 12:33:49 status unpacked apport:all 2.20.9-0ubuntu7.6
2019-03-16 12:33:49 status unpacked apport:all 2.20.9-0ubuntu7.6
2019-03-16 12:33:49 status half-configured apport:all 2.20.9-0ubuntu7.6
2019-03-16 12:33:50 status installed apport:all 2.20.9-0ubuntu7.6
2019-03-16 12:33:50 configure libxcb-shm0:amd64 1.13-2~ubuntu18.04 <none>
2019-03-16 12:33:50 status unpacked libxcb-shm0:amd64 1.13-2~ubuntu18.04
2019-03-16 12:33:50 status half-configured libxcb-shm0:amd64 1.13-2~ubuntu18.04
2019-03-16 12:33:50 status installed libxcb-shm0:amd64 1.13-2~ubuntu18.04
2019-03-16 12:33:50 configure libgail-3-0:amd64 3.22.30-1ubuntu2 <none>
2019-03-16 12:33:50 status unpacked libgail-3-0:amd64 3.22.30-1ubuntu2
2019-03-16 12:33:51 status half-configured libgail-3-0:amd64 3.22.30-1ubuntu2
2019-03-16 12:33:51 status installed libgail-3-0:amd64 3.22.30-1ubuntu2
2019-03-16 12:33:51 configure libxcb-shape0:amd64 1.13-2~ubuntu18.04 <none>
2019-03-16 12:33:51 status unpacked libxcb-shape0:amd64 1.13-2~ubuntu18.04
2019-03-16 12:33:51 status half-configured libxcb-shape0:amd64 1.13-2~ubuntu18.04
2019-03-16 12:33:51 status installed libxcb-shape0:amd64 1.13-2~ubuntu18.04
2019-03-16 12:33:51 configure libxcb1-dev:amd64 1.13-2~ubuntu18.04 <none>
2019-03-16 12:33:51 status unpacked libxcb1-dev:amd64 1.13-2~ubuntu18.04
2019-03-16 12:33:51 status half-configured libxcb1-dev:amd64 1.13-2~ubuntu18.04
2019-03-16 12:33:51 status installed libxcb1-dev:amd64 1.13-2~ubuntu18.04
2019-03-16 12:33:51 configure libx11-dev:amd64 2:1.6.4-3ubuntu0.2 <none>
2019-03-16 12:33:51 status unpacked libx11-dev:amd64 2:1.6.4-3ubuntu0.2
2019-03-16 12:33:51 status half-configured libx11-dev:amd64 2:1.6.4-3ubuntu0.2
2019-03-16 12:33:51 status installed libx11-dev:amd64 2:1.6.4-3ubuntu0.2
2019-03-16 12:33:51 configure libpulse-mainloop-glib0:amd64 1:11.1-1ubuntu7.2 <none>
2019-03-16 12:33:51 status unpacked libpulse-mainloop-glib0:amd64 1:11.1-1ubuntu7.2
2019-03-16 12:33:51 status half-configured libpulse-mainloop-glib0:amd64 1:11.1-1ubuntu7.2
2019-03-16 12:33:51 status installed libpulse-mainloop-glib0:amd64 1:11.1-1ubuntu7.2
2019-03-16 12:33:51 configure gir1.2-gtk-3.0:amd64 3.22.30-1ubuntu2 <none>
2019-03-16 12:33:51 status unpacked gir1.2-gtk-3.0:amd64 3.22.30-1ubuntu2
2019-03-16 12:33:51 status half-configured gir1.2-gtk-3.0:amd64 3.22.30-1ubuntu2
2019-03-16 12:33:51 status installed gir1.2-gtk-3.0:amd64 3.22.30-1ubuntu2
2019-03-16 12:33:52 configure libpulsedsp:amd64 1:11.1-1ubuntu7.2 <none>
2019-03-16 12:33:52 status unpacked libpulsedsp:amd64 1:11.1-1ubuntu7.2
2019-03-16 12:33:52 status half-configured libpulsedsp:amd64 1:11.1-1ubuntu7.2
2019-03-16 12:33:52 status installed libpulsedsp:amd64 1:11.1-1ubuntu7.2
2019-03-16 12:33:52 configure pulseaudio-utils:amd64 1:11.1-1ubuntu7.2 <none>
2019-03-16 12:33:52 status unpacked pulseaudio-utils:amd64 1:11.1-1ubuntu7.2
2019-03-16 12:33:52 status half-configured pulseaudio-utils:amd64 1:11.1-1ubuntu7.2
2019-03-16 12:33:52 status installed pulseaudio-utils:amd64 1:11.1-1ubuntu7.2
2019-03-16 12:33:52 configure apport-gtk:all 2.20.9-0ubuntu7.6 <none>
2019-03-16 12:33:52 status unpacked apport-gtk:all 2.20.9-0ubuntu7.6
2019-03-16 12:33:52 status half-configured apport-gtk:all 2.20.9-0ubuntu7.6
2019-03-16 12:33:52 status installed apport-gtk:all 2.20.9-0ubuntu7.6
2019-03-16 12:33:52 configure pulseaudio:amd64 1:11.1-1ubuntu7.2 <none>
2019-03-16 12:33:52 status unpacked pulseaudio:amd64 1:11.1-1ubuntu7.2
2019-03-16 12:33:52 status unpacked pulseaudio:amd64 1:11.1-1ubuntu7.2
2019-03-16 12:33:52 status unpacked pulseaudio:amd64 1:11.1-1ubuntu7.2
2019-03-16 12:33:52 status unpacked pulseaudio:amd64 1:11.1-1ubuntu7.2
2019-03-16 12:33:52 status unpacked pulseaudio:amd64 1:11.1-1ubuntu7.2
2019-03-16 12:33:52 status unpacked pulseaudio:amd64 1:11.1-1ubuntu7.2
2019-03-16 12:33:52 status half-configured pulseaudio:amd64 1:11.1-1ubuntu7.2
2019-03-16 12:33:53 status installed pulseaudio:amd64 1:11.1-1ubuntu7.2
2019-03-16 12:33:53 configure pulseaudio-module-bluetooth:amd64 1:11.1-1ubuntu7.2 <none>
2019-03-16 12:33:53 status unpacked pulseaudio-module-bluetooth:amd64 1:11.1-1ubuntu7.2
2019-03-16 12:33:53 status half-configured pulseaudio-module-bluetooth:amd64 1:11.1-1ubuntu7.2
2019-03-16 12:33:53 status installed pulseaudio-module-bluetooth:amd64 1:11.1-1ubuntu7.2
2019-03-16 12:33:53 trigproc libc-bin:amd64 2.27-3ubuntu1 <none>
2019-03-16 12:33:53 status half-configured libc-bin:amd64 2.27-3ubuntu1
2019-03-16 12:33:53 status installed libc-bin:amd64 2.27-3ubuntu1
2019-03-16 12:33:53 trigproc initramfs-tools:all 0.130ubuntu3.7 <none>
2019-03-16 12:33:53 status half-configured initramfs-tools:all 0.130ubuntu3.7
2019-03-16 12:34:16 status installed initramfs-tools:all 0.130ubuntu3.7
2019-03-16 12:34:54 startup packages remove
2019-03-16 12:34:54 status installed linux-headers-4.15.0-43-generic:amd64 4.15.0-43.46
2019-03-16 12:34:54 remove linux-headers-4.15.0-43-generic:amd64 4.15.0-43.46 <none>
2019-03-16 12:34:54 status half-configured linux-headers-4.15.0-43-generic:amd64 4.15.0-43.46
2019-03-16 12:34:55 status half-installed linux-headers-4.15.0-43-generic:amd64 4.15.0-43.46
2019-03-16 12:35:03 status config-files linux-headers-4.15.0-43-generic:amd64 4.15.0-43.46
2019-03-16 12:35:03 status config-files linux-headers-4.15.0-43-generic:amd64 4.15.0-43.46
2019-03-16 12:35:03 status config-files linux-headers-4.15.0-43-generic:amd64 4.15.0-43.46
2019-03-16 12:35:03 status not-installed linux-headers-4.15.0-43-generic:amd64 <none>
2019-03-16 12:35:03 status installed linux-headers-4.15.0-43:all 4.15.0-43.46
2019-03-16 12:35:03 remove linux-headers-4.15.0-43:all 4.15.0-43.46 <none>
2019-03-16 12:35:03 status half-configured linux-headers-4.15.0-43:all 4.15.0-43.46
2019-03-16 12:35:03 status half-installed linux-headers-4.15.0-43:all 4.15.0-43.46
2019-03-16 12:35:09 status config-files linux-headers-4.15.0-43:all 4.15.0-43.46
2019-03-16 12:35:09 status config-files linux-headers-4.15.0-43:all 4.15.0-43.46
2019-03-16 12:35:10 status config-files linux-headers-4.15.0-43:all 4.15.0-43.46
2019-03-16 12:35:10 status not-installed linux-headers-4.15.0-43:all <none>
2019-03-16 12:35:10 status installed linux-modules-extra-4.15.0-43-generic:amd64 4.15.0-43.46
2019-03-16 12:35:10 remove linux-modules-extra-4.15.0-43-generic:amd64 4.15.0-43.46 <none>
2019-03-16 12:35:10 status half-configured linux-modules-extra-4.15.0-43-generic:amd64 4.15.0-43.46
2019-03-16 12:35:10 status half-installed linux-modules-extra-4.15.0-43-generic:amd64 4.15.0-43.46
2019-03-16 12:35:18 status config-files linux-modules-extra-4.15.0-43-generic:amd64 4.15.0-43.46
2019-03-16 12:35:18 status config-files linux-modules-extra-4.15.0-43-generic:amd64 4.15.0-43.46
2019-03-16 12:35:18 status installed linux-image-4.15.0-43-generic:amd64 4.15.0-43.46
2019-03-16 12:35:18 remove linux-image-4.15.0-43-generic:amd64 4.15.0-43.46 <none>
2019-03-16 12:35:18 status half-configured linux-image-4.15.0-43-generic:amd64 4.15.0-43.46
2019-03-16 12:35:20 status half-installed linux-image-4.15.0-43-generic:amd64 4.15.0-43.46
2019-03-16 12:35:44 status config-files linux-image-4.15.0-43-generic:amd64 4.15.0-43.46
2019-03-16 12:35:44 status config-files linux-image-4.15.0-43-generic:amd64 4.15.0-43.46
2019-03-16 12:35:44 status installed linux-modules-4.15.0-43-generic:amd64 4.15.0-43.46
2019-03-16 12:35:44 remove linux-modules-4.15.0-43-generic:amd64 4.15.0-43.46 <none>
2019-03-16 12:35:44 status half-configured linux-modules-4.15.0-43-generic:amd64 4.15.0-43.46
2019-03-16 12:35:44 status half-installed linux-modules-4.15.0-43-generic:amd64 4.15.0-43.46
2019-03-16 12:35:45 status config-files linux-modules-4.15.0-43-generic:amd64 4.15.0-43.46
2019-03-16 12:35:45 status config-files linux-modules-4.15.0-43-generic:amd64 4.15.0-43.46
2019-03-16 12:35:45 startup packages configure
2019-03-16 12:39:37 startup archives unpack
2019-03-16 12:39:37 install libexpat1-dev:amd64 <none> 2.2.5-3
2019-03-16 12:39:37 status half-installed libexpat1-dev:amd64 2.2.5-3
2019-03-16 12:39:38 status unpacked libexpat1-dev:amd64 2.2.5-3
2019-03-16 12:39:38 status unpacked libexpat1-dev:amd64 2.2.5-3
2019-03-16 12:39:38 install libpython2.7-dev:amd64 <none> 2.7.15~rc1-1ubuntu0.1
2019-03-16 12:39:38 status half-installed libpython2.7-dev:amd64 2.7.15~rc1-1ubuntu0.1
2019-03-16 12:39:41 status triggers-pending man-db:amd64 2.8.3-2ubuntu0.1
2019-03-16 12:39:41 status unpacked libpython2.7-dev:amd64 2.7.15~rc1-1ubuntu0.1
2019-03-16 12:39:41 status unpacked libpython2.7-dev:amd64 2.7.15~rc1-1ubuntu0.1
2019-03-16 12:39:41 install libpython-dev:amd64 <none> 2.7.15~rc1-1
2019-03-16 12:39:41 status half-installed libpython-dev:amd64 2.7.15~rc1-1
2019-03-16 12:39:42 status unpacked libpython-dev:amd64 2.7.15~rc1-1
2019-03-16 12:39:42 status unpacked libpython-dev:amd64 2.7.15~rc1-1
2019-03-16 12:39:42 install libpython-all-dev:amd64 <none> 2.7.15~rc1-1
2019-03-16 12:39:42 status half-installed libpython-all-dev:amd64 2.7.15~rc1-1
2019-03-16 12:39:42 status unpacked libpython-all-dev:amd64 2.7.15~rc1-1
2019-03-16 12:39:42 status unpacked libpython-all-dev:amd64 2.7.15~rc1-1
2019-03-16 12:39:42 install python-all:amd64 <none> 2.7.15~rc1-1
2019-03-16 12:39:42 status half-installed python-all:amd64 2.7.15~rc1-1
2019-03-16 12:39:42 status unpacked python-all:amd64 2.7.15~rc1-1
2019-03-16 12:39:43 status unpacked python-all:amd64 2.7.15~rc1-1
2019-03-16 12:39:43 install python2.7-dev:amd64 <none> 2.7.15~rc1-1ubuntu0.1
2019-03-16 12:39:43 status half-installed python2.7-dev:amd64 2.7.15~rc1-1ubuntu0.1
2019-03-16 12:39:43 status unpacked python2.7-dev:amd64 2.7.15~rc1-1ubuntu0.1
2019-03-16 12:39:43 status unpacked python2.7-dev:amd64 2.7.15~rc1-1ubuntu0.1
2019-03-16 12:39:43 install python-dev:amd64 <none> 2.7.15~rc1-1
2019-03-16 12:39:43 status half-installed python-dev:amd64 2.7.15~rc1-1
2019-03-16 12:39:43 status unpacked python-dev:amd64 2.7.15~rc1-1
2019-03-16 12:39:43 status unpacked python-dev:amd64 2.7.15~rc1-1
2019-03-16 12:39:44 install python-all-dev:amd64 <none> 2.7.15~rc1-1
2019-03-16 12:39:44 status half-installed python-all-dev:amd64 2.7.15~rc1-1
2019-03-16 12:39:44 status unpacked python-all-dev:amd64 2.7.15~rc1-1
2019-03-16 12:39:44 status unpacked python-all-dev:amd64 2.7.15~rc1-1
2019-03-16 12:39:44 install python-asn1crypto:all <none> 0.24.0-1
2019-03-16 12:39:44 status half-installed python-asn1crypto:all 0.24.0-1
2019-03-16 12:39:44 status unpacked python-asn1crypto:all 0.24.0-1
2019-03-16 12:39:44 status unpacked python-asn1crypto:all 0.24.0-1
2019-03-16 12:39:45 install python-cffi-backend:amd64 <none> 1.11.5-1
2019-03-16 12:39:45 status half-installed python-cffi-backend:amd64 1.11.5-1
2019-03-16 12:39:45 status unpacked python-cffi-backend:amd64 1.11.5-1
2019-03-16 12:39:45 status unpacked python-cffi-backend:amd64 1.11.5-1
2019-03-16 12:39:45 install python-crypto:amd64 <none> 2.6.1-8ubuntu2
2019-03-16 12:39:45 status half-installed python-crypto:amd64 2.6.1-8ubuntu2
2019-03-16 12:39:46 status unpacked python-crypto:amd64 2.6.1-8ubuntu2
2019-03-16 12:39:46 status unpacked python-crypto:amd64 2.6.1-8ubuntu2
2019-03-16 12:39:46 install python-enum34:all <none> 1.1.6-2
2019-03-16 12:39:46 status half-installed python-enum34:all 1.1.6-2
2019-03-16 12:39:46 status unpacked python-enum34:all 1.1.6-2
2019-03-16 12:39:46 status unpacked python-enum34:all 1.1.6-2
2019-03-16 12:39:46 install python-idna:all <none> 2.6-1
2019-03-16 12:39:46 status half-installed python-idna:all 2.6-1
2019-03-16 12:39:47 status unpacked python-idna:all 2.6-1
2019-03-16 12:39:47 status unpacked python-idna:all 2.6-1
2019-03-16 12:39:47 install python-ipaddress:all <none> 1.0.17-1
2019-03-16 12:39:47 status half-installed python-ipaddress:all 1.0.17-1
2019-03-16 12:39:47 status unpacked python-ipaddress:all 1.0.17-1
2019-03-16 12:39:47 status unpacked python-ipaddress:all 1.0.17-1
2019-03-16 12:39:47 install python-six:all <none> 1.11.0-2
2019-03-16 12:39:47 status half-installed python-six:all 1.11.0-2
2019-03-16 12:39:48 status unpacked python-six:all 1.11.0-2
2019-03-16 12:39:48 status unpacked python-six:all 1.11.0-2
2019-03-16 12:39:48 install python-cryptography:amd64 <none> 2.1.4-1ubuntu1.2
2019-03-16 12:39:48 status half-installed python-cryptography:amd64 2.1.4-1ubuntu1.2
2019-03-16 12:39:48 status unpacked python-cryptography:amd64 2.1.4-1ubuntu1.2
2019-03-16 12:39:48 status unpacked python-cryptography:amd64 2.1.4-1ubuntu1.2
2019-03-16 12:39:49 install python-dbus:amd64 <none> 1.2.6-1
2019-03-16 12:39:49 status half-installed python-dbus:amd64 1.2.6-1
2019-03-16 12:39:49 status unpacked python-dbus:amd64 1.2.6-1
2019-03-16 12:39:49 status unpacked python-dbus:amd64 1.2.6-1
2019-03-16 12:39:49 install python-gi:amd64 <none> 3.26.1-2ubuntu1
2019-03-16 12:39:49 status half-installed python-gi:amd64 3.26.1-2ubuntu1
2019-03-16 12:39:49 status unpacked python-gi:amd64 3.26.1-2ubuntu1
2019-03-16 12:39:49 status unpacked python-gi:amd64 3.26.1-2ubuntu1
2019-03-16 12:39:50 install python-secretstorage:all <none> 2.3.1-2
2019-03-16 12:39:50 status half-installed python-secretstorage:all 2.3.1-2
2019-03-16 12:39:50 status unpacked python-secretstorage:all 2.3.1-2
2019-03-16 12:39:50 status unpacked python-secretstorage:all 2.3.1-2
2019-03-16 12:39:50 install python-keyring:all <none> 10.6.0-1
2019-03-16 12:39:50 status half-installed python-keyring:all 10.6.0-1
2019-03-16 12:39:50 status unpacked python-keyring:all 10.6.0-1
2019-03-16 12:39:50 status unpacked python-keyring:all 10.6.0-1
2019-03-16 12:39:51 install python-keyrings.alt:all <none> 3.0-1
2019-03-16 12:39:51 status half-installed python-keyrings.alt:all 3.0-1
2019-03-16 12:39:51 status unpacked python-keyrings.alt:all 3.0-1
2019-03-16 12:39:51 status unpacked python-keyrings.alt:all 3.0-1
2019-03-16 12:39:51 install python-pip-whl:all <none> 9.0.1-2.3~ubuntu1
2019-03-16 12:39:51 status half-installed python-pip-whl:all 9.0.1-2.3~ubuntu1
2019-03-16 12:39:52 status unpacked python-pip-whl:all 9.0.1-2.3~ubuntu1
2019-03-16 12:39:52 status unpacked python-pip-whl:all 9.0.1-2.3~ubuntu1
2019-03-16 12:39:52 install python-pip:all <none> 9.0.1-2.3~ubuntu1
2019-03-16 12:39:52 status half-installed python-pip:all 9.0.1-2.3~ubuntu1
2019-03-16 12:39:52 status unpacked python-pip:all 9.0.1-2.3~ubuntu1
2019-03-16 12:39:52 status unpacked python-pip:all 9.0.1-2.3~ubuntu1
2019-03-16 12:39:52 install python-pkg-resources:all <none> 39.0.1-2
2019-03-16 12:39:52 status half-installed python-pkg-resources:all 39.0.1-2
2019-03-16 12:39:53 status unpacked python-pkg-resources:all 39.0.1-2
2019-03-16 12:39:53 status unpacked python-pkg-resources:all 39.0.1-2
2019-03-16 12:39:53 install python-setuptools:all <none> 39.0.1-2
2019-03-16 12:39:53 status half-installed python-setuptools:all 39.0.1-2
2019-03-16 12:39:53 status unpacked python-setuptools:all 39.0.1-2
2019-03-16 12:39:53 status unpacked python-setuptools:all 39.0.1-2
2019-03-16 12:39:53 install python-wheel:all <none> 0.30.0-0.2
2019-03-16 12:39:53 status half-installed python-wheel:all 0.30.0-0.2
2019-03-16 12:39:54 status unpacked python-wheel:all 0.30.0-0.2
2019-03-16 12:39:54 status unpacked python-wheel:all 0.30.0-0.2
2019-03-16 12:39:54 install python-xdg:all <none> 0.25-4ubuntu1
2019-03-16 12:39:54 status half-installed python-xdg:all 0.25-4ubuntu1
2019-03-16 12:39:54 status unpacked python-xdg:all 0.25-4ubuntu1
2019-03-16 12:39:54 status unpacked python-xdg:all 0.25-4ubuntu1
2019-03-16 12:39:55 startup packages configure
2019-03-16 12:39:55 configure python-idna:all 2.6-1 <none>
2019-03-16 12:39:55 status unpacked python-idna:all 2.6-1
2019-03-16 12:39:55 status half-configured python-idna:all 2.6-1
2019-03-16 12:39:55 status installed python-idna:all 2.6-1
2019-03-16 12:39:55 configure python-pip-whl:all 9.0.1-2.3~ubuntu1 <none>
2019-03-16 12:39:55 status unpacked python-pip-whl:all 9.0.1-2.3~ubuntu1
2019-03-16 12:39:55 status half-configured python-pip-whl:all 9.0.1-2.3~ubuntu1
2019-03-16 12:39:55 status installed python-pip-whl:all 9.0.1-2.3~ubuntu1
2019-03-16 12:39:55 configure python-asn1crypto:all 0.24.0-1 <none>
2019-03-16 12:39:55 status unpacked python-asn1crypto:all 0.24.0-1
2019-03-16 12:39:55 status half-configured python-asn1crypto:all 0.24.0-1
2019-03-16 12:39:56 status installed python-asn1crypto:all 0.24.0-1
2019-03-16 12:39:56 configure python-crypto:amd64 2.6.1-8ubuntu2 <none>
2019-03-16 12:39:56 status unpacked python-crypto:amd64 2.6.1-8ubuntu2
2019-03-16 12:39:56 status half-configured python-crypto:amd64 2.6.1-8ubuntu2
2019-03-16 12:39:56 status installed python-crypto:amd64 2.6.1-8ubuntu2
2019-03-16 12:39:56 configure python-wheel:all 0.30.0-0.2 <none>
2019-03-16 12:39:56 status unpacked python-wheel:all 0.30.0-0.2
2019-03-16 12:39:57 status half-configured python-wheel:all 0.30.0-0.2
2019-03-16 12:39:57 status installed python-wheel:all 0.30.0-0.2
2019-03-16 12:39:57 configure python-pkg-resources:all 39.0.1-2 <none>
2019-03-16 12:39:57 status unpacked python-pkg-resources:all 39.0.1-2
2019-03-16 12:39:57 status half-configured python-pkg-resources:all 39.0.1-2
2019-03-16 12:39:57 status installed python-pkg-resources:all 39.0.1-2
2019-03-16 12:39:57 configure python-cffi-backend:amd64 1.11.5-1 <none>
2019-03-16 12:39:57 status unpacked python-cffi-backend:amd64 1.11.5-1
2019-03-16 12:39:57 status half-configured python-cffi-backend:amd64 1.11.5-1
2019-03-16 12:39:57 status installed python-cffi-backend:amd64 1.11.5-1
2019-03-16 12:39:57 configure python-gi:amd64 3.26.1-2ubuntu1 <none>
2019-03-16 12:39:57 status unpacked python-gi:amd64 3.26.1-2ubuntu1
2019-03-16 12:39:57 status half-configured python-gi:amd64 3.26.1-2ubuntu1
2019-03-16 12:39:57 status installed python-gi:amd64 3.26.1-2ubuntu1
2019-03-16 12:39:58 configure python-six:all 1.11.0-2 <none>
2019-03-16 12:39:58 status unpacked python-six:all 1.11.0-2
2019-03-16 12:39:58 status half-configured python-six:all 1.11.0-2
2019-03-16 12:39:58 status installed python-six:all 1.11.0-2
2019-03-16 12:39:58 configure python-enum34:all 1.1.6-2 <none>
2019-03-16 12:39:58 status unpacked python-enum34:all 1.1.6-2
2019-03-16 12:39:58 status half-configured python-enum34:all 1.1.6-2
2019-03-16 12:39:58 status installed python-enum34:all 1.1.6-2
2019-03-16 12:39:58 configure libexpat1-dev:amd64 2.2.5-3 <none>
2019-03-16 12:39:58 status unpacked libexpat1-dev:amd64 2.2.5-3
2019-03-16 12:39:58 status half-configured libexpat1-dev:amd64 2.2.5-3
2019-03-16 12:39:58 status installed libexpat1-dev:amd64 2.2.5-3
2019-03-16 12:39:58 trigproc man-db:amd64 2.8.3-2ubuntu0.1 <none>
2019-03-16 12:39:58 status half-configured man-db:amd64 2.8.3-2ubuntu0.1
2019-03-16 12:40:00 status installed man-db:amd64 2.8.3-2ubuntu0.1
2019-03-16 12:40:00 configure libpython2.7-dev:amd64 2.7.15~rc1-1ubuntu0.1 <none>
2019-03-16 12:40:00 status unpacked libpython2.7-dev:amd64 2.7.15~rc1-1ubuntu0.1
2019-03-16 12:40:00 status half-configured libpython2.7-dev:amd64 2.7.15~rc1-1ubuntu0.1
2019-03-16 12:40:00 status installed libpython2.7-dev:amd64 2.7.15~rc1-1ubuntu0.1
2019-03-16 12:40:01 configure python-dbus:amd64 1.2.6-1 <none>
2019-03-16 12:40:01 status unpacked python-dbus:amd64 1.2.6-1
2019-03-16 12:40:01 status half-configured python-dbus:amd64 1.2.6-1
2019-03-16 12:40:01 status installed python-dbus:amd64 1.2.6-1
2019-03-16 12:40:01 configure python-ipaddress:all 1.0.17-1 <none>
2019-03-16 12:40:01 status unpacked python-ipaddress:all 1.0.17-1
2019-03-16 12:40:01 status half-configured python-ipaddress:all 1.0.17-1
2019-03-16 12:40:01 status installed python-ipaddress:all 1.0.17-1
2019-03-16 12:40:01 configure python-pip:all 9.0.1-2.3~ubuntu1 <none>
2019-03-16 12:40:01 status unpacked python-pip:all 9.0.1-2.3~ubuntu1
2019-03-16 12:40:01 status half-configured python-pip:all 9.0.1-2.3~ubuntu1
2019-03-16 12:40:01 status installed python-pip:all 9.0.1-2.3~ubuntu1
2019-03-16 12:40:01 configure python2.7-dev:amd64 2.7.15~rc1-1ubuntu0.1 <none>
2019-03-16 12:40:01 status unpacked python2.7-dev:amd64 2.7.15~rc1-1ubuntu0.1
2019-03-16 12:40:02 status half-configured python2.7-dev:amd64 2.7.15~rc1-1ubuntu0.1
2019-03-16 12:40:02 status installed python2.7-dev:amd64 2.7.15~rc1-1ubuntu0.1
2019-03-16 12:40:02 configure python-all:amd64 2.7.15~rc1-1 <none>
2019-03-16 12:40:02 status unpacked python-all:amd64 2.7.15~rc1-1
2019-03-16 12:40:02 status half-configured python-all:amd64 2.7.15~rc1-1
2019-03-16 12:40:02 status installed python-all:amd64 2.7.15~rc1-1
2019-03-16 12:40:02 configure python-xdg:all 0.25-4ubuntu1 <none>
2019-03-16 12:40:02 status unpacked python-xdg:all 0.25-4ubuntu1
2019-03-16 12:40:02 status half-configured python-xdg:all 0.25-4ubuntu1
2019-03-16 12:40:02 status installed python-xdg:all 0.25-4ubuntu1
2019-03-16 12:40:02 configure libpython-dev:amd64 2.7.15~rc1-1 <none>
2019-03-16 12:40:02 status unpacked libpython-dev:amd64 2.7.15~rc1-1
2019-03-16 12:40:02 status half-configured libpython-dev:amd64 2.7.15~rc1-1
2019-03-16 12:40:02 status installed libpython-dev:amd64 2.7.15~rc1-1
2019-03-16 12:40:02 configure python-setuptools:all 39.0.1-2 <none>
2019-03-16 12:40:02 status unpacked python-setuptools:all 39.0.1-2
2019-03-16 12:40:02 status half-configured python-setuptools:all 39.0.1-2
2019-03-16 12:40:03 status installed python-setuptools:all 39.0.1-2
2019-03-16 12:40:03 configure python-dev:amd64 2.7.15~rc1-1 <none>
2019-03-16 12:40:03 status unpacked python-dev:amd64 2.7.15~rc1-1
2019-03-16 12:40:03 status half-configured python-dev:amd64 2.7.15~rc1-1
2019-03-16 12:40:03 status installed python-dev:amd64 2.7.15~rc1-1
2019-03-16 12:40:03 configure libpython-all-dev:amd64 2.7.15~rc1-1 <none>
2019-03-16 12:40:03 status unpacked libpython-all-dev:amd64 2.7.15~rc1-1
2019-03-16 12:40:03 status half-configured libpython-all-dev:amd64 2.7.15~rc1-1
2019-03-16 12:40:03 status installed libpython-all-dev:amd64 2.7.15~rc1-1
2019-03-16 12:40:04 configure python-keyrings.alt:all 3.0-1 <none>
2019-03-16 12:40:04 status unpacked python-keyrings.alt:all 3.0-1
2019-03-16 12:40:04 status half-configured python-keyrings.alt:all 3.0-1
2019-03-16 12:40:04 status installed python-keyrings.alt:all 3.0-1
2019-03-16 12:40:04 configure python-all-dev:amd64 2.7.15~rc1-1 <none>
2019-03-16 12:40:04 status unpacked python-all-dev:amd64 2.7.15~rc1-1
2019-03-16 12:40:04 status half-configured python-all-dev:amd64 2.7.15~rc1-1
2019-03-16 12:40:04 status installed python-all-dev:amd64 2.7.15~rc1-1
2019-03-16 12:40:04 configure python-cryptography:amd64 2.1.4-1ubuntu1.2 <none>
2019-03-16 12:40:04 status unpacked python-cryptography:amd64 2.1.4-1ubuntu1.2
2019-03-16 12:40:04 status half-configured python-cryptography:amd64 2.1.4-1ubuntu1.2
2019-03-16 12:40:04 status installed python-cryptography:amd64 2.1.4-1ubuntu1.2
2019-03-16 12:40:04 configure python-secretstorage:all 2.3.1-2 <none>
2019-03-16 12:40:04 status unpacked python-secretstorage:all 2.3.1-2
2019-03-16 12:40:04 status half-configured python-secretstorage:all 2.3.1-2
2019-03-16 12:40:05 status installed python-secretstorage:all 2.3.1-2
2019-03-16 12:40:05 configure python-keyring:all 10.6.0-1 <none>
2019-03-16 12:40:05 status unpacked python-keyring:all 10.6.0-1
2019-03-16 12:40:05 status half-configured python-keyring:all 10.6.0-1
2019-03-16 12:40:05 status installed python-keyring:all 10.6.0-1
2019-03-23 11:23:00 startup archives unpack
2019-03-23 11:23:04 upgrade chromium-codecs-ffmpeg-extra:amd64 72.0.3626.121-0ubuntu0.18.04.1 73.0.3683.75-0ubuntu0.18.04.1
2019-03-23 11:23:04 status half-configured chromium-codecs-ffmpeg-extra:amd64 72.0.3626.121-0ubuntu0.18.04.1
2019-03-23 11:23:04 status unpacked chromium-codecs-ffmpeg-extra:amd64 72.0.3626.121-0ubuntu0.18.04.1
2019-03-23 11:23:04 status half-installed chromium-codecs-ffmpeg-extra:amd64 72.0.3626.121-0ubuntu0.18.04.1
2019-03-23 11:23:04 status half-installed chromium-codecs-ffmpeg-extra:amd64 72.0.3626.121-0ubuntu0.18.04.1
2019-03-23 11:23:05 status unpacked chromium-codecs-ffmpeg-extra:amd64 73.0.3683.75-0ubuntu0.18.04.1
2019-03-23 11:23:05 status unpacked chromium-codecs-ffmpeg-extra:amd64 73.0.3683.75-0ubuntu0.18.04.1
2019-03-23 11:23:05 startup packages configure
2019-03-23 11:23:05 configure chromium-codecs-ffmpeg-extra:amd64 73.0.3683.75-0ubuntu0.18.04.1 <none>
2019-03-23 11:23:05 status unpacked chromium-codecs-ffmpeg-extra:amd64 73.0.3683.75-0ubuntu0.18.04.1
2019-03-23 11:23:05 status half-configured chromium-codecs-ffmpeg-extra:amd64 73.0.3683.75-0ubuntu0.18.04.1
2019-03-23 11:23:05 status installed chromium-codecs-ffmpeg-extra:amd64 73.0.3683.75-0ubuntu0.18.04.1
2019-03-23 11:23:09 startup archives unpack
2019-03-23 11:23:09 upgrade firefox:amd64 65.0.1+build2-0ubuntu0.18.04.1 66.0+build3-0ubuntu0.18.04.1
2019-03-23 11:23:09 status half-configured firefox:amd64 65.0.1+build2-0ubuntu0.18.04.1
2019-03-23 11:23:10 status unpacked firefox:amd64 65.0.1+build2-0ubuntu0.18.04.1
2019-03-23 11:23:10 status half-installed firefox:amd64 65.0.1+build2-0ubuntu0.18.04.1
2019-03-23 11:23:16 status triggers-pending gnome-menus:amd64 3.13.3-11ubuntu1.1
2019-03-23 11:23:23 status triggers-pending desktop-file-utils:amd64 0.23-1ubuntu3.18.04.2
2019-03-23 11:23:23 status triggers-pending mime-support:all 3.60ubuntu1
2019-03-23 11:23:23 status triggers-pending hicolor-icon-theme:all 0.17-2
2019-03-23 11:23:24 status triggers-pending man-db:amd64 2.8.3-2ubuntu0.1
2019-03-23 11:23:28 status half-installed firefox:amd64 65.0.1+build2-0ubuntu0.18.04.1
2019-03-23 11:23:29 status unpacked firefox:amd64 66.0+build3-0ubuntu0.18.04.1
2019-03-23 11:23:29 status unpacked firefox:amd64 66.0+build3-0ubuntu0.18.04.1
2019-03-23 11:23:30 startup packages configure
2019-03-23 11:23:30 trigproc mime-support:all 3.60ubuntu1 <none>
2019-03-23 11:23:30 status half-configured mime-support:all 3.60ubuntu1
2019-03-23 11:23:31 status installed mime-support:all 3.60ubuntu1
2019-03-23 11:23:31 trigproc desktop-file-utils:amd64 0.23-1ubuntu3.18.04.2 <none>
2019-03-23 11:23:31 status half-configured desktop-file-utils:amd64 0.23-1ubuntu3.18.04.2
2019-03-23 11:23:31 status installed desktop-file-utils:amd64 0.23-1ubuntu3.18.04.2
2019-03-23 11:23:31 configure firefox:amd64 66.0+build3-0ubuntu0.18.04.1 <none>
2019-03-23 11:23:31 status unpacked firefox:amd64 66.0+build3-0ubuntu0.18.04.1
2019-03-23 11:23:35 status unpacked firefox:amd64 66.0+build3-0ubuntu0.18.04.1
2019-03-23 11:23:35 status unpacked firefox:amd64 66.0+build3-0ubuntu0.18.04.1
2019-03-23 11:23:36 status unpacked firefox:amd64 66.0+build3-0ubuntu0.18.04.1
2019-03-23 11:23:36 status unpacked firefox:amd64 66.0+build3-0ubuntu0.18.04.1
2019-03-23 11:23:36 status half-configured firefox:amd64 66.0+build3-0ubuntu0.18.04.1
2019-03-23 11:23:37 status installed firefox:amd64 66.0+build3-0ubuntu0.18.04.1
2019-03-23 11:23:37 trigproc man-db:amd64 2.8.3-2ubuntu0.1 <none>
2019-03-23 11:23:37 status half-configured man-db:amd64 2.8.3-2ubuntu0.1
2019-03-23 11:23:46 status installed man-db:amd64 2.8.3-2ubuntu0.1
2019-03-23 11:23:46 trigproc gnome-menus:amd64 3.13.3-11ubuntu1.1 <none>
2019-03-23 11:23:46 status half-configured gnome-menus:amd64 3.13.3-11ubuntu1.1
2019-03-23 11:23:46 status installed gnome-menus:amd64 3.13.3-11ubuntu1.1
2019-03-23 11:23:46 trigproc hicolor-icon-theme:all 0.17-2 <none>
2019-03-23 11:23:46 status half-configured hicolor-icon-theme:all 0.17-2
2019-03-23 11:23:47 status installed hicolor-icon-theme:all 0.17-2
2019-03-23 11:23:51 startup archives unpack
2019-03-23 11:23:51 upgrade firefox-locale-en:amd64 65.0.1+build2-0ubuntu0.18.04.1 66.0+build3-0ubuntu0.18.04.1
2019-03-23 11:23:51 status half-configured firefox-locale-en:amd64 65.0.1+build2-0ubuntu0.18.04.1
2019-03-23 11:23:52 status unpacked firefox-locale-en:amd64 65.0.1+build2-0ubuntu0.18.04.1
2019-03-23 11:23:52 status half-installed firefox-locale-en:amd64 65.0.1+build2-0ubuntu0.18.04.1
2019-03-23 11:23:52 status half-installed firefox-locale-en:amd64 65.0.1+build2-0ubuntu0.18.04.1
2019-03-23 11:23:52 status unpacked firefox-locale-en:amd64 66.0+build3-0ubuntu0.18.04.1
2019-03-23 11:23:52 status unpacked firefox-locale-en:amd64 66.0+build3-0ubuntu0.18.04.1
2019-03-23 11:23:52 startup packages configure
2019-03-23 11:23:52 configure firefox-locale-en:amd64 66.0+build3-0ubuntu0.18.04.1 <none>
2019-03-23 11:23:52 status unpacked firefox-locale-en:amd64 66.0+build3-0ubuntu0.18.04.1
2019-03-23 11:23:52 status half-configured firefox-locale-en:amd64 66.0+build3-0ubuntu0.18.04.1
2019-03-23 11:23:52 status installed firefox-locale-en:amd64 66.0+build3-0ubuntu0.18.04.1
2019-03-23 11:23:56 startup archives unpack
2019-03-23 11:23:56 upgrade snapd:amd64 2.37.4+18.04 2.37.4+18.04.1
2019-03-23 11:23:56 status half-configured snapd:amd64 2.37.4+18.04
2019-03-23 11:23:57 status unpacked snapd:amd64 2.37.4+18.04
2019-03-23 11:23:57 status half-installed snapd:amd64 2.37.4+18.04
2019-03-23 11:23:58 status triggers-pending gnome-menus:amd64 3.13.3-11ubuntu1.1
2019-03-23 11:24:01 status triggers-pending desktop-file-utils:amd64 0.23-1ubuntu3.18.04.2
2019-03-23 11:24:02 status triggers-pending mime-support:all 3.60ubuntu1
2019-03-23 11:24:02 status triggers-pending man-db:amd64 2.8.3-2ubuntu0.1
2019-03-23 11:24:02 status half-installed snapd:amd64 2.37.4+18.04
2019-03-23 11:24:03 status unpacked snapd:amd64 2.37.4+18.04.1
2019-03-23 11:24:03 status unpacked snapd:amd64 2.37.4+18.04.1
2019-03-23 11:24:03 startup packages configure
2019-03-23 11:24:03 trigproc mime-support:all 3.60ubuntu1 <none>
2019-03-23 11:24:03 status half-configured mime-support:all 3.60ubuntu1
2019-03-23 11:24:03 status installed mime-support:all 3.60ubuntu1
2019-03-23 11:24:03 trigproc desktop-file-utils:amd64 0.23-1ubuntu3.18.04.2 <none>
2019-03-23 11:24:03 status half-configured desktop-file-utils:amd64 0.23-1ubuntu3.18.04.2
2019-03-23 11:24:04 status installed desktop-file-utils:amd64 0.23-1ubuntu3.18.04.2
2019-03-23 11:24:04 configure snapd:amd64 2.37.4+18.04.1 <none>
2019-03-23 11:24:04 status unpacked snapd:amd64 2.37.4+18.04.1
2019-03-23 11:24:04 status unpacked snapd:amd64 2.37.4+18.04.1
2019-03-23 11:24:04 status unpacked snapd:amd64 2.37.4+18.04.1
2019-03-23 11:24:04 status unpacked snapd:amd64 2.37.4+18.04.1
2019-03-23 11:24:04 status unpacked snapd:amd64 2.37.4+18.04.1
2019-03-23 11:24:04 status half-configured snapd:amd64 2.37.4+18.04.1
2019-03-23 11:24:12 status installed snapd:amd64 2.37.4+18.04.1
2019-03-23 11:24:12 trigproc man-db:amd64 2.8.3-2ubuntu0.1 <none>
2019-03-23 11:24:12 status half-configured man-db:amd64 2.8.3-2ubuntu0.1
2019-03-23 11:24:14 status installed man-db:amd64 2.8.3-2ubuntu0.1
2019-03-23 11:24:15 trigproc gnome-menus:amd64 3.13.3-11ubuntu1.1 <none>
2019-03-23 11:24:15 status half-configured gnome-menus:amd64 3.13.3-11ubuntu1.1
2019-03-23 11:24:15 status installed gnome-menus:amd64 3.13.3-11ubuntu1.1
2019-03-23 11:24:18 startup archives unpack
2019-03-23 11:24:19 upgrade ntfs-3g:amd64 1:2017.3.23-2 1:2017.3.23-2ubuntu0.18.04.1
2019-03-23 11:24:19 status triggers-pending initramfs-tools:all 0.130ubuntu3.7
2019-03-23 11:24:19 status half-configured ntfs-3g:amd64 1:2017.3.23-2
2019-03-23 11:24:19 status unpacked ntfs-3g:amd64 1:2017.3.23-2
2019-03-23 11:24:19 status half-installed ntfs-3g:amd64 1:2017.3.23-2
2019-03-23 11:24:19 status triggers-pending man-db:amd64 2.8.3-2ubuntu0.1
2019-03-23 11:24:19 status half-installed ntfs-3g:amd64 1:2017.3.23-2
2019-03-23 11:24:19 status unpacked ntfs-3g:amd64 1:2017.3.23-2ubuntu0.18.04.1
2019-03-23 11:24:19 status unpacked ntfs-3g:amd64 1:2017.3.23-2ubuntu0.18.04.1
2019-03-23 11:24:20 upgrade libntfs-3g88:amd64 1:2017.3.23-2 1:2017.3.23-2ubuntu0.18.04.1
2019-03-23 11:24:20 status triggers-pending libc-bin:amd64 2.27-3ubuntu1
2019-03-23 11:24:20 status half-configured libntfs-3g88:amd64 1:2017.3.23-2
2019-03-23 11:24:20 status unpacked libntfs-3g88:amd64 1:2017.3.23-2
2019-03-23 11:24:20 status half-installed libntfs-3g88:amd64 1:2017.3.23-2
2019-03-23 11:24:20 status half-installed libntfs-3g88:amd64 1:2017.3.23-2
2019-03-23 11:24:20 status unpacked libntfs-3g88:amd64 1:2017.3.23-2ubuntu0.18.04.1
2019-03-23 11:24:20 status unpacked libntfs-3g88:amd64 1:2017.3.23-2ubuntu0.18.04.1
2019-03-23 11:24:21 startup packages configure
2019-03-23 11:24:21 trigproc initramfs-tools:all 0.130ubuntu3.7 <none>
2019-03-23 11:24:21 status half-configured initramfs-tools:all 0.130ubuntu3.7
2019-03-23 11:24:52 status installed initramfs-tools:all 0.130ubuntu3.7
2019-03-23 11:24:52 trigproc libc-bin:amd64 2.27-3ubuntu1 <none>
2019-03-23 11:24:52 status half-configured libc-bin:amd64 2.27-3ubuntu1
2019-03-23 11:24:52 status installed libc-bin:amd64 2.27-3ubuntu1
2019-03-23 11:24:52 trigproc man-db:amd64 2.8.3-2ubuntu0.1 <none>
2019-03-23 11:24:52 status half-configured man-db:amd64 2.8.3-2ubuntu0.1
2019-03-23 11:24:53 status installed man-db:amd64 2.8.3-2ubuntu0.1
2019-03-23 11:24:53 configure libntfs-3g88:amd64 1:2017.3.23-2ubuntu0.18.04.1 <none>
2019-03-23 11:24:53 status triggers-pending libc-bin:amd64 2.27-3ubuntu1
2019-03-23 11:24:54 status unpacked libntfs-3g88:amd64 1:2017.3.23-2ubuntu0.18.04.1
2019-03-23 11:24:54 status half-configured libntfs-3g88:amd64 1:2017.3.23-2ubuntu0.18.04.1
2019-03-23 11:24:54 status installed libntfs-3g88:amd64 1:2017.3.23-2ubuntu0.18.04.1
2019-03-23 11:24:54 configure ntfs-3g:amd64 1:2017.3.23-2ubuntu0.18.04.1 <none>
2019-03-23 11:24:54 status triggers-pending initramfs-tools:all 0.130ubuntu3.7
2019-03-23 11:24:54 status unpacked ntfs-3g:amd64 1:2017.3.23-2ubuntu0.18.04.1
2019-03-23 11:24:54 status half-configured ntfs-3g:amd64 1:2017.3.23-2ubuntu0.18.04.1
2019-03-23 11:24:54 status installed ntfs-3g:amd64 1:2017.3.23-2ubuntu0.18.04.1
2019-03-23 11:24:54 trigproc libc-bin:amd64 2.27-3ubuntu1 <none>
2019-03-23 11:24:54 status half-configured libc-bin:amd64 2.27-3ubuntu1
2019-03-23 11:24:54 status installed libc-bin:amd64 2.27-3ubuntu1
2019-03-23 11:24:54 trigproc initramfs-tools:all 0.130ubuntu3.7 <none>
2019-03-23 11:24:54 status half-configured initramfs-tools:all 0.130ubuntu3.7
2019-03-23 11:25:13 status installed initramfs-tools:all 0.130ubuntu3.7
2019-03-23 11:25:18 startup archives unpack
2019-03-23 11:25:19 upgrade file:amd64 1:5.32-2ubuntu0.1 1:5.32-2ubuntu0.2
2019-03-23 11:25:19 status half-configured file:amd64 1:5.32-2ubuntu0.1
2019-03-23 11:25:19 status unpacked file:amd64 1:5.32-2ubuntu0.1
2019-03-23 11:25:19 status half-installed file:amd64 1:5.32-2ubuntu0.1
2019-03-23 11:25:19 status triggers-pending man-db:amd64 2.8.3-2ubuntu0.1
2019-03-23 11:25:19 status half-installed file:amd64 1:5.32-2ubuntu0.1
2019-03-23 11:25:20 status unpacked file:amd64 1:5.32-2ubuntu0.2
2019-03-23 11:25:20 status unpacked file:amd64 1:5.32-2ubuntu0.2
2019-03-23 11:25:20 upgrade libmagic1:amd64 1:5.32-2ubuntu0.1 1:5.32-2ubuntu0.2
2019-03-23 11:25:20 status triggers-pending libc-bin:amd64 2.27-3ubuntu1
2019-03-23 11:25:20 status half-configured libmagic1:amd64 1:5.32-2ubuntu0.1
2019-03-23 11:25:20 status unpacked libmagic1:amd64 1:5.32-2ubuntu0.1
2019-03-23 11:25:20 status half-installed libmagic1:amd64 1:5.32-2ubuntu0.1
2019-03-23 11:25:20 status half-installed libmagic1:amd64 1:5.32-2ubuntu0.1
2019-03-23 11:25:21 status unpacked libmagic1:amd64 1:5.32-2ubuntu0.2
2019-03-23 11:25:21 status unpacked libmagic1:amd64 1:5.32-2ubuntu0.2
2019-03-23 11:25:21 upgrade libmagic-mgc:amd64 1:5.32-2ubuntu0.1 1:5.32-2ubuntu0.2
2019-03-23 11:25:21 status half-configured libmagic-mgc:amd64 1:5.32-2ubuntu0.1
2019-03-23 11:25:21 status unpacked libmagic-mgc:amd64 1:5.32-2ubuntu0.1
2019-03-23 11:25:21 status half-installed libmagic-mgc:amd64 1:5.32-2ubuntu0.1
2019-03-23 11:25:21 status half-installed libmagic-mgc:amd64 1:5.32-2ubuntu0.1
2019-03-23 11:25:22 status unpacked libmagic-mgc:amd64 1:5.32-2ubuntu0.2
2019-03-23 11:25:22 status unpacked libmagic-mgc:amd64 1:5.32-2ubuntu0.2
2019-03-23 11:25:22 startup packages configure
2019-03-23 11:25:22 configure libmagic-mgc:amd64 1:5.32-2ubuntu0.2 <none>
2019-03-23 11:25:22 status unpacked libmagic-mgc:amd64 1:5.32-2ubuntu0.2
2019-03-23 11:25:22 status half-configured libmagic-mgc:amd64 1:5.32-2ubuntu0.2
2019-03-23 11:25:22 status installed libmagic-mgc:amd64 1:5.32-2ubuntu0.2
2019-03-23 11:25:22 configure libmagic1:amd64 1:5.32-2ubuntu0.2 <none>
2019-03-23 11:25:22 status unpacked libmagic1:amd64 1:5.32-2ubuntu0.2
2019-03-23 11:25:22 status unpacked libmagic1:amd64 1:5.32-2ubuntu0.2
2019-03-23 11:25:22 status unpacked libmagic1:amd64 1:5.32-2ubuntu0.2
2019-03-23 11:25:22 status half-configured libmagic1:amd64 1:5.32-2ubuntu0.2
2019-03-23 11:25:22 status installed libmagic1:amd64 1:5.32-2ubuntu0.2
2019-03-23 11:25:23 trigproc libc-bin:amd64 2.27-3ubuntu1 <none>
2019-03-23 11:25:23 status half-configured libc-bin:amd64 2.27-3ubuntu1
2019-03-23 11:25:23 status installed libc-bin:amd64 2.27-3ubuntu1
2019-03-23 11:25:23 trigproc man-db:amd64 2.8.3-2ubuntu0.1 <none>
2019-03-23 11:25:23 status half-configured man-db:amd64 2.8.3-2ubuntu0.1
2019-03-23 11:25:25 status installed man-db:amd64 2.8.3-2ubuntu0.1
2019-03-23 11:25:25 configure file:amd64 1:5.32-2ubuntu0.2 <none>
2019-03-23 11:25:25 status unpacked file:amd64 1:5.32-2ubuntu0.2
2019-03-23 11:25:25 status half-configured file:amd64 1:5.32-2ubuntu0.2
2019-03-23 11:25:25 status installed file:amd64 1:5.32-2ubuntu0.2
2019-03-23 11:25:30 startup archives unpack
2019-03-23 11:25:30 upgrade ghostscript-x:amd64 9.26~dfsg+0-0ubuntu0.18.04.7 9.26~dfsg+0-0ubuntu0.18.04.8
2019-03-23 11:25:30 status half-configured ghostscript-x:amd64 9.26~dfsg+0-0ubuntu0.18.04.7
2019-03-23 11:25:30 status unpacked ghostscript-x:amd64 9.26~dfsg+0-0ubuntu0.18.04.7
2019-03-23 11:25:30 status half-installed ghostscript-x:amd64 9.26~dfsg+0-0ubuntu0.18.04.7
2019-03-23 11:25:30 status half-installed ghostscript-x:amd64 9.26~dfsg+0-0ubuntu0.18.04.7
2019-03-23 11:25:31 status unpacked ghostscript-x:amd64 9.26~dfsg+0-0ubuntu0.18.04.8
2019-03-23 11:25:31 status unpacked ghostscript-x:amd64 9.26~dfsg+0-0ubuntu0.18.04.8
2019-03-23 11:25:31 upgrade ghostscript:amd64 9.26~dfsg+0-0ubuntu0.18.04.7 9.26~dfsg+0-0ubuntu0.18.04.8
2019-03-23 11:25:31 status half-configured ghostscript:amd64 9.26~dfsg+0-0ubuntu0.18.04.7
2019-03-23 11:25:31 status unpacked ghostscript:amd64 9.26~dfsg+0-0ubuntu0.18.04.7
2019-03-23 11:25:31 status half-installed ghostscript:amd64 9.26~dfsg+0-0ubuntu0.18.04.7
2019-03-23 11:25:31 status triggers-pending man-db:amd64 2.8.3-2ubuntu0.1
2019-03-23 11:25:31 status half-installed ghostscript:amd64 9.26~dfsg+0-0ubuntu0.18.04.7
2019-03-23 11:25:32 status unpacked ghostscript:amd64 9.26~dfsg+0-0ubuntu0.18.04.8
2019-03-23 11:25:32 status unpacked ghostscript:amd64 9.26~dfsg+0-0ubuntu0.18.04.8
2019-03-23 11:25:32 upgrade libgs9:amd64 9.26~dfsg+0-0ubuntu0.18.04.7 9.26~dfsg+0-0ubuntu0.18.04.8
2019-03-23 11:25:32 status triggers-pending libc-bin:amd64 2.27-3ubuntu1
2019-03-23 11:25:32 status half-configured libgs9:amd64 9.26~dfsg+0-0ubuntu0.18.04.7
2019-03-23 11:25:32 status unpacked libgs9:amd64 9.26~dfsg+0-0ubuntu0.18.04.7
2019-03-23 11:25:32 status half-installed libgs9:amd64 9.26~dfsg+0-0ubuntu0.18.04.7
2019-03-23 11:25:33 status half-installed libgs9:amd64 9.26~dfsg+0-0ubuntu0.18.04.7
2019-03-23 11:25:33 status unpacked libgs9:amd64 9.26~dfsg+0-0ubuntu0.18.04.8
2019-03-23 11:25:33 status unpacked libgs9:amd64 9.26~dfsg+0-0ubuntu0.18.04.8
2019-03-23 11:25:34 upgrade libgs9-common:all 9.26~dfsg+0-0ubuntu0.18.04.7 9.26~dfsg+0-0ubuntu0.18.04.8
2019-03-23 11:25:34 status half-configured libgs9-common:all 9.26~dfsg+0-0ubuntu0.18.04.7
2019-03-23 11:25:34 status unpacked libgs9-common:all 9.26~dfsg+0-0ubuntu0.18.04.7
2019-03-23 11:25:34 status half-installed libgs9-common:all 9.26~dfsg+0-0ubuntu0.18.04.7
2019-03-23 11:25:35 status half-installed libgs9-common:all 9.26~dfsg+0-0ubuntu0.18.04.7
2019-03-23 11:25:35 status unpacked libgs9-common:all 9.26~dfsg+0-0ubuntu0.18.04.8
2019-03-23 11:25:35 status unpacked libgs9-common:all 9.26~dfsg+0-0ubuntu0.18.04.8
2019-03-23 11:25:35 startup packages configure
2019-03-23 11:25:35 configure libgs9-common:all 9.26~dfsg+0-0ubuntu0.18.04.8 <none>
2019-03-23 11:25:35 status unpacked libgs9-common:all 9.26~dfsg+0-0ubuntu0.18.04.8
2019-03-23 11:25:35 status half-configured libgs9-common:all 9.26~dfsg+0-0ubuntu0.18.04.8
2019-03-23 11:25:35 status installed libgs9-common:all 9.26~dfsg+0-0ubuntu0.18.04.8
2019-03-23 11:25:35 trigproc libc-bin:amd64 2.27-3ubuntu1 <none>
2019-03-23 11:25:35 status half-configured libc-bin:amd64 2.27-3ubuntu1
2019-03-23 11:25:35 status installed libc-bin:amd64 2.27-3ubuntu1
2019-03-23 11:25:36 trigproc man-db:amd64 2.8.3-2ubuntu0.1 <none>
2019-03-23 11:25:36 status half-configured man-db:amd64 2.8.3-2ubuntu0.1
2019-03-23 11:25:38 status installed man-db:amd64 2.8.3-2ubuntu0.1
2019-03-23 11:25:38 configure libgs9:amd64 9.26~dfsg+0-0ubuntu0.18.04.8 <none>
2019-03-23 11:25:38 status triggers-pending libc-bin:amd64 2.27-3ubuntu1
2019-03-23 11:25:38 status unpacked libgs9:amd64 9.26~dfsg+0-0ubuntu0.18.04.8
2019-03-23 11:25:38 status half-configured libgs9:amd64 9.26~dfsg+0-0ubuntu0.18.04.8
2019-03-23 11:25:38 status installed libgs9:amd64 9.26~dfsg+0-0ubuntu0.18.04.8
2019-03-23 11:25:38 configure ghostscript:amd64 9.26~dfsg+0-0ubuntu0.18.04.8 <none>
2019-03-23 11:25:38 status unpacked ghostscript:amd64 9.26~dfsg+0-0ubuntu0.18.04.8
2019-03-23 11:25:38 status half-configured ghostscript:amd64 9.26~dfsg+0-0ubuntu0.18.04.8
2019-03-23 11:25:41 status installed ghostscript:amd64 9.26~dfsg+0-0ubuntu0.18.04.8
2019-03-23 11:25:41 configure ghostscript-x:amd64 9.26~dfsg+0-0ubuntu0.18.04.8 <none>
2019-03-23 11:25:41 status unpacked ghostscript-x:amd64 9.26~dfsg+0-0ubuntu0.18.04.8
2019-03-23 11:25:41 status half-configured ghostscript-x:amd64 9.26~dfsg+0-0ubuntu0.18.04.8
2019-03-23 11:25:41 status installed ghostscript-x:amd64 9.26~dfsg+0-0ubuntu0.18.04.8
2019-03-23 11:25:41 trigproc libc-bin:amd64 2.27-3ubuntu1 <none>
2019-03-23 11:25:41 status half-configured libc-bin:amd64 2.27-3ubuntu1
2019-03-23 11:25:42 status installed libc-bin:amd64 2.27-3ubuntu1
